mode: atomic
github.com/turtacn/cbc/cmd/cbc-admin/main.go:11.13,13.2 1 0
github.com/turtacn/cbc/cmd/cli/admin.go:18.13,20.2 1 0
github.com/turtacn/cbc/cmd/cli/admin_compliance.go:20.54,22.18 2 0
github.com/turtacn/cbc/cmd/cli/admin_compliance.go:22.18,24.4 1 0
github.com/turtacn/cbc/cmd/cli/admin_compliance.go:26.3,27.17 2 0
github.com/turtacn/cbc/cmd/cli/admin_compliance.go:27.17,29.4 1 0
github.com/turtacn/cbc/cmd/cli/admin_compliance.go:30.3,35.17 3 0
github.com/turtacn/cbc/cmd/cli/admin_compliance.go:35.17,37.4 1 0
github.com/turtacn/cbc/cmd/cli/admin_compliance.go:38.3,41.19 3 0
github.com/turtacn/cbc/cmd/cli/admin_compliance.go:41.19,43.65 2 0
github.com/turtacn/cbc/cmd/cli/admin_compliance.go:43.65,45.5 1 0
github.com/turtacn/cbc/cmd/cli/admin_compliance.go:46.4,46.83 1 0
github.com/turtacn/cbc/cmd/cli/admin_compliance.go:48.3,50.13 2 0
github.com/turtacn/cbc/cmd/cli/admin_compliance.go:62.54,65.36 3 0
github.com/turtacn/cbc/cmd/cli/admin_compliance.go:65.36,67.4 1 0
github.com/turtacn/cbc/cmd/cli/admin_compliance.go:69.3,70.17 2 0
github.com/turtacn/cbc/cmd/cli/admin_compliance.go:70.17,72.4 1 0
github.com/turtacn/cbc/cmd/cli/admin_compliance.go:73.3,80.17 5 0
github.com/turtacn/cbc/cmd/cli/admin_compliance.go:80.17,82.4 1 0
github.com/turtacn/cbc/cmd/cli/admin_compliance.go:84.3,88.13 4 0
github.com/turtacn/cbc/cmd/cli/admin_compliance.go:101.54,106.52 5 0
github.com/turtacn/cbc/cmd/cli/admin_compliance.go:106.52,108.4 1 0
github.com/turtacn/cbc/cmd/cli/admin_compliance.go:110.3,111.17 2 0
github.com/turtacn/cbc/cmd/cli/admin_compliance.go:111.17,113.4 1 0
github.com/turtacn/cbc/cmd/cli/admin_compliance.go:114.3,124.17 3 0
github.com/turtacn/cbc/cmd/cli/admin_compliance.go:124.17,126.4 1 0
github.com/turtacn/cbc/cmd/cli/admin_compliance.go:128.3,129.13 2 0
github.com/turtacn/cbc/cmd/cli/admin_compliance.go:133.13,148.2 12 0
github.com/turtacn/cbc/cmd/cli/admin_key.go:19.13,30.48 1 0
github.com/turtacn/cbc/cmd/cli/admin_key.go:30.48,32.22 2 0
github.com/turtacn/cbc/cmd/cli/admin_key.go:32.22,35.5 2 0
github.com/turtacn/cbc/cmd/cli/admin_key.go:43.4,43.75 1 0
github.com/turtacn/cbc/cmd/cli/admin_key.go:46.2,56.48 3 0
github.com/turtacn/cbc/cmd/cli/admin_key.go:56.48,59.35 3 0
github.com/turtacn/cbc/cmd/cli/admin_key.go:59.35,62.5 2 0
github.com/turtacn/cbc/cmd/cli/admin_key.go:70.4,70.79 1 0
github.com/turtacn/cbc/cmd/cli/admin_key.go:73.2,84.48 6 0
github.com/turtacn/cbc/cmd/cli/admin_key.go:84.48,86.4 1 0
github.com/turtacn/cbc/cmd/cli/admin_key.go:91.2,94.48 1 0
github.com/turtacn/cbc/cmd/cli/admin_key.go:94.48,96.4 1 0
github.com/turtacn/cbc/cmd/cli/admin_key.go:99.2,100.29 2 0
github.com/turtacn/cbc/cmd/cli/compliance.go:17.13,19.2 1 0
github.com/turtacn/cbc/cmd/cli/root.go:27.16,28.42 1 0
github.com/turtacn/cbc/cmd/cli/root.go:28.42,31.3 2 0
github.com/turtacn/cbc/internal/adapter/ratelimit/adapter.go:21.33,23.2 1 0
github.com/turtacn/cbc/internal/adapter/ratelimit/adapter.go:31.63,33.2 1 0
github.com/turtacn/cbc/internal/adapter/ratelimit/adapter.go:39.9,41.2 1 0
github.com/turtacn/cbc/internal/adapter/ratelimit/adapter.go:47.56,51.16 3 0
github.com/turtacn/cbc/internal/adapter/ratelimit/adapter.go:51.16,53.3 1 0
github.com/turtacn/cbc/internal/adapter/ratelimit/adapter.go:54.2,54.56 1 0
github.com/turtacn/cbc/internal/adapter/ratelimit/adapter.go:65.9,67.2 1 0
github.com/turtacn/cbc/internal/adapter/ratelimit/adapter.go:73.36,75.2 1 0
github.com/turtacn/cbc/internal/adapter/ratelimit/adapter.go:82.16,84.2 1 0
github.com/turtacn/cbc/internal/adapter/ratelimit/adapter.go:90.9,92.2 1 0
github.com/turtacn/cbc/internal/application/key_management_service.go:44.41,54.2 1 0
github.com/turtacn/cbc/internal/application/key_management_service.go:60.138,62.16 2 0
github.com/turtacn/cbc/internal/application/key_management_service.go:62.16,64.3 1 0
github.com/turtacn/cbc/internal/application/key_management_service.go:66.2,67.36 2 0
github.com/turtacn/cbc/internal/application/key_management_service.go:67.36,69.3 1 0
github.com/turtacn/cbc/internal/application/key_management_service.go:69.8,69.43 1 0
github.com/turtacn/cbc/internal/application/key_management_service.go:69.43,71.3 1 0
github.com/turtacn/cbc/internal/application/key_management_service.go:73.2,74.16 2 0
github.com/turtacn/cbc/internal/application/key_management_service.go:74.16,76.3 1 0
github.com/turtacn/cbc/internal/application/key_management_service.go:78.2,84.78 2 0
github.com/turtacn/cbc/internal/application/key_management_service.go:84.78,86.3 1 0
github.com/turtacn/cbc/internal/application/key_management_service.go:88.2,89.9 2 0
github.com/turtacn/cbc/internal/application/key_management_service.go:89.9,91.3 1 0
github.com/turtacn/cbc/internal/application/key_management_service.go:93.2,94.16 2 0
github.com/turtacn/cbc/internal/application/key_management_service.go:94.16,96.3 1 0
github.com/turtacn/cbc/internal/application/key_management_service.go:98.2,99.16 2 0
github.com/turtacn/cbc/internal/application/key_management_service.go:99.16,101.3 1 0
github.com/turtacn/cbc/internal/application/key_management_service.go:103.2,112.57 2 0
github.com/turtacn/cbc/internal/application/key_management_service.go:112.57,114.3 1 0
github.com/turtacn/cbc/internal/application/key_management_service.go:116.2,121.54 2 0
github.com/turtacn/cbc/internal/application/key_management_service.go:121.54,123.3 1 0
github.com/turtacn/cbc/internal/application/key_management_service.go:125.2,126.16 2 0
github.com/turtacn/cbc/internal/application/key_management_service.go:126.16,128.3 1 0
github.com/turtacn/cbc/internal/application/key_management_service.go:130.2,130.37 1 0
github.com/turtacn/cbc/internal/application/key_management_service.go:130.37,131.20 1 0
github.com/turtacn/cbc/internal/application/key_management_service.go:131.20,132.89 1 0
github.com/turtacn/cbc/internal/application/key_management_service.go:132.89,134.5 1 0
github.com/turtacn/cbc/internal/application/key_management_service.go:138.2,139.16 2 0
github.com/turtacn/cbc/internal/application/key_management_service.go:139.16,141.3 1 0
github.com/turtacn/cbc/internal/application/key_management_service.go:143.2,143.34 1 0
github.com/turtacn/cbc/internal/application/key_management_service.go:143.34,144.85 1 0
github.com/turtacn/cbc/internal/application/key_management_service.go:144.85,146.4 1 0
github.com/turtacn/cbc/internal/application/key_management_service.go:149.2,149.66 1 0
github.com/turtacn/cbc/internal/application/key_management_service.go:149.66,151.3 1 0
github.com/turtacn/cbc/internal/application/key_management_service.go:153.2,153.17 1 0
github.com/turtacn/cbc/internal/application/key_management_service.go:158.125,160.16 2 0
github.com/turtacn/cbc/internal/application/key_management_service.go:160.16,162.3 1 0
github.com/turtacn/cbc/internal/application/key_management_service.go:164.2,165.16 2 0
github.com/turtacn/cbc/internal/application/key_management_service.go:165.16,167.3 1 0
github.com/turtacn/cbc/internal/application/key_management_service.go:168.2,171.27 3 0
github.com/turtacn/cbc/internal/application/key_management_service.go:171.27,173.19 2 0
github.com/turtacn/cbc/internal/application/key_management_service.go:173.19,175.12 2 0
github.com/turtacn/cbc/internal/application/key_management_service.go:177.3,178.17 2 0
github.com/turtacn/cbc/internal/application/key_management_service.go:178.17,180.12 2 0
github.com/turtacn/cbc/internal/application/key_management_service.go:182.3,182.45 1 0
github.com/turtacn/cbc/internal/application/key_management_service.go:182.45,184.4 1 0
github.com/turtacn/cbc/internal/application/key_management_service.go:187.2,187.24 1 0
github.com/turtacn/cbc/internal/application/key_management_service.go:192.139,193.85 1 0
github.com/turtacn/cbc/internal/application/key_management_service.go:193.85,195.3 1 0
github.com/turtacn/cbc/internal/application/key_management_service.go:197.2,203.54 2 0
github.com/turtacn/cbc/internal/application/key_management_service.go:203.54,205.3 1 0
github.com/turtacn/cbc/internal/application/key_management_service.go:207.2,207.66 1 0
github.com/turtacn/cbc/internal/application/key_management_service.go:207.66,209.3 1 0
github.com/turtacn/cbc/internal/application/key_management_service.go:211.2,211.12 1 0
github.com/turtacn/cbc/internal/application/key_management_service.go:216.125,218.40 2 0
github.com/turtacn/cbc/internal/application/key_management_service.go:218.40,220.3 1 0
github.com/turtacn/cbc/internal/application/key_management_service.go:221.2,229.16 5 0
github.com/turtacn/cbc/internal/application/key_management_service.go:229.16,231.3 1 0
github.com/turtacn/cbc/internal/application/key_management_service.go:233.2,233.40 1 0
github.com/turtacn/cbc/internal/application/key_management_service.go:238.116,239.83 1 0
github.com/turtacn/cbc/internal/application/key_management_service.go:239.83,240.57 1 0
github.com/turtacn/cbc/internal/application/key_management_service.go:240.57,242.4 1 0
github.com/turtacn/cbc/internal/application/key_management_service.go:243.3,244.10 2 0
github.com/turtacn/cbc/internal/application/key_management_service.go:244.10,246.4 1 0
github.com/turtacn/cbc/internal/application/key_management_service.go:248.3,249.17 2 0
github.com/turtacn/cbc/internal/application/key_management_service.go:249.17,251.4 1 0
github.com/turtacn/cbc/internal/application/key_management_service.go:252.3,252.61 1 0
github.com/turtacn/cbc/internal/application/key_management_service.go:252.61,254.4 1 0
github.com/turtacn/cbc/internal/application/key_management_service.go:256.3,257.19 2 0
github.com/turtacn/cbc/internal/application/key_management_service.go:257.19,259.4 1 0
github.com/turtacn/cbc/internal/application/key_management_service.go:260.3,261.17 2 0
github.com/turtacn/cbc/internal/application/key_management_service.go:261.17,263.4 1 0
github.com/turtacn/cbc/internal/application/key_management_service.go:264.3,264.18 1 0
github.com/turtacn/cbc/internal/application/key_management_service.go:267.2,267.16 1 0
github.com/turtacn/cbc/internal/application/key_management_service.go:267.16,269.3 1 0
github.com/turtacn/cbc/internal/application/key_management_service.go:271.2,271.67 1 0
github.com/turtacn/cbc/internal/application/key_management_service.go:271.67,273.3 1 0
github.com/turtacn/cbc/internal/application/key_management_service.go:275.2,275.41 1 0
github.com/turtacn/cbc/internal/application/risk_oracle.go:18.75,20.2 1 0
github.com/turtacn/cbc/internal/application/risk_oracle.go:26.110,28.16 2 0
github.com/turtacn/cbc/internal/application/risk_oracle.go:28.16,30.3 1 0
github.com/turtacn/cbc/internal/application/risk_oracle.go:31.2,31.20 1 0
github.com/turtacn/cbc/internal/application/risk_oracle.go:31.20,38.3 1 0
github.com/turtacn/cbc/internal/application/risk_oracle.go:39.2,39.21 1 0
github.com/turtacn/cbc/internal/application/risk_update_service.go:30.81,32.2 1 0
github.com/turtacn/cbc/internal/application/risk_update_service.go:36.120,44.2 2 0
github.com/turtacn/cbc/internal/application/dto/device_dto.go:113.139,128.2 2 0
github.com/turtacn/cbc/internal/application/dto/device_dto.go:131.107,133.29 2 0
github.com/turtacn/cbc/internal/application/dto/device_dto.go:133.29,135.3 1 0
github.com/turtacn/cbc/internal/application/dto/device_dto.go:136.2,142.3 1 0
github.com/turtacn/cbc/internal/application/dto/response.go:44.69,51.2 1 0
github.com/turtacn/cbc/internal/application/dto/response.go:54.60,57.25 2 0
github.com/turtacn/cbc/internal/application/dto/response.go:58.24,65.4 1 0
github.com/turtacn/cbc/internal/application/dto/response.go:66.10,72.4 1 0
github.com/turtacn/cbc/internal/application/dto/response.go:75.2,80.3 1 0
github.com/turtacn/cbc/internal/application/dto/response.go:84.98,86.38 2 0
github.com/turtacn/cbc/internal/application/dto/response.go:86.38,88.3 1 0
github.com/turtacn/cbc/internal/application/dto/response.go:90.2,101.3 1 0
github.com/turtacn/cbc/internal/application/dto/response.go:105.72,117.2 1 0
github.com/turtacn/cbc/internal/application/dto/response.go:120.69,132.2 1 0
github.com/turtacn/cbc/internal/application/dto/response.go:135.69,147.2 1 0
github.com/turtacn/cbc/internal/application/dto/response.go:150.77,165.2 1 0
github.com/turtacn/cbc/internal/application/dto/response.go:168.78,180.2 1 0
github.com/turtacn/cbc/internal/application/dto/response.go:183.68,195.2 1 0
github.com/turtacn/cbc/internal/application/dto/response.go:198.43,201.2 2 0
github.com/turtacn/cbc/internal/application/dto/response.go:204.79,211.2 1 0
github.com/turtacn/cbc/internal/application/dto/response.go:214.84,216.29 2 0
github.com/turtacn/cbc/internal/application/dto/response.go:216.29,218.3 1 0
github.com/turtacn/cbc/internal/application/dto/response.go:220.2,220.56 1 0
github.com/turtacn/cbc/internal/application/dto/response.go:220.56,227.3 1 0
github.com/turtacn/cbc/internal/application/dto/response.go:229.2,229.10 1 0
github.com/turtacn/cbc/internal/application/dto/response.go:233.80,234.56 1 0
github.com/turtacn/cbc/internal/application/dto/response.go:234.56,236.3 1 0
github.com/turtacn/cbc/internal/application/dto/response.go:236.8,241.3 1 0
github.com/turtacn/cbc/internal/application/dto/response.go:242.2,242.10 1 0
github.com/turtacn/cbc/internal/application/dto/token_dto.go:122.89,130.2 1 0
github.com/turtacn/cbc/internal/application/dto/token_dto.go:133.135,143.2 1 0
github.com/turtacn/cbc/internal/application/dto/token_dto.go:146.78,149.2 2 0
github.com/turtacn/cbc/internal/application/mocks/RiskUpdateService.go:17.121,20.19 2 0
github.com/turtacn/cbc/internal/application/mocks/RiskUpdateService.go:20.19,21.58 1 0
github.com/turtacn/cbc/internal/application/mocks/RiskUpdateService.go:24.2,25.85 2 0
github.com/turtacn/cbc/internal/application/mocks/RiskUpdateService.go:25.85,27.3 1 0
github.com/turtacn/cbc/internal/application/mocks/RiskUpdateService.go:27.8,29.3 1 0
github.com/turtacn/cbc/internal/application/mocks/RiskUpdateService.go:31.2,31.11 1 0
github.com/turtacn/cbc/internal/application/mocks/RiskUpdateService.go:39.23,43.19 3 0
github.com/turtacn/cbc/internal/application/mocks/RiskUpdateService.go:43.19,43.49 1 0
github.com/turtacn/cbc/internal/application/mocks/RiskUpdateService.go:45.2,45.13 1 0
github.com/turtacn/cbc/cmd/server/main.go:128.13,130.16 2 0
github.com/turtacn/cbc/cmd/server/main.go:130.16,133.3 2 0
github.com/turtacn/cbc/cmd/server/main.go:134.2,134.36 1 0
github.com/turtacn/cbc/cmd/server/main.go:134.36,137.3 2 0
github.com/turtacn/cbc/cmd/server/main.go:138.2,139.39 2 0
github.com/turtacn/cbc/cmd/server/main.go:139.39,142.3 2 0
github.com/turtacn/cbc/cmd/server/main.go:150.45,165.33 4 0
github.com/turtacn/cbc/cmd/server/main.go:165.33,166.32 1 0
github.com/turtacn/cbc/cmd/server/main.go:166.32,169.4 2 0
github.com/turtacn/cbc/cmd/server/main.go:171.2,172.17 2 0
github.com/turtacn/cbc/cmd/server/main.go:177.44,179.16 2 0
github.com/turtacn/cbc/cmd/server/main.go:179.16,181.3 1 0
github.com/turtacn/cbc/cmd/server/main.go:182.2,183.12 2 0
github.com/turtacn/cbc/cmd/server/main.go:188.44,191.2 2 0
github.com/turtacn/cbc/cmd/server/main.go:195.46,198.16 2 0
github.com/turtacn/cbc/cmd/server/main.go:198.16,200.3 1 0
github.com/turtacn/cbc/cmd/server/main.go:201.2,201.45 1 0
github.com/turtacn/cbc/cmd/server/main.go:201.45,203.3 1 0
github.com/turtacn/cbc/cmd/server/main.go:204.2,209.37 4 0
github.com/turtacn/cbc/cmd/server/main.go:209.37,214.3 1 0
github.com/turtacn/cbc/cmd/server/main.go:214.8,216.17 2 0
github.com/turtacn/cbc/cmd/server/main.go:216.17,218.4 1 0
github.com/turtacn/cbc/cmd/server/main.go:219.3,220.17 2 0
github.com/turtacn/cbc/cmd/server/main.go:220.17,222.4 1 0
github.com/turtacn/cbc/cmd/server/main.go:224.3,229.4 1 0
github.com/turtacn/cbc/cmd/server/main.go:233.2,243.44 10 0
github.com/turtacn/cbc/cmd/server/main.go:243.44,245.3 1 0
github.com/turtacn/cbc/cmd/server/main.go:246.2,246.48 1 0
github.com/turtacn/cbc/cmd/server/main.go:246.48,248.3 1 0
github.com/turtacn/cbc/cmd/server/main.go:249.2,251.12 3 0
github.com/turtacn/cbc/cmd/server/main.go:256.43,262.16 5 0
github.com/turtacn/cbc/cmd/server/main.go:262.16,264.3 1 0
github.com/turtacn/cbc/cmd/server/main.go:265.2,268.12 4 0
github.com/turtacn/cbc/cmd/server/main.go:273.52,276.16 3 0
github.com/turtacn/cbc/cmd/server/main.go:276.16,278.3 1 0
github.com/turtacn/cbc/cmd/server/main.go:279.2,281.16 3 0
github.com/turtacn/cbc/cmd/server/main.go:281.16,283.3 1 0
github.com/turtacn/cbc/cmd/server/main.go:284.2,286.12 3 0
github.com/turtacn/cbc/cmd/server/main.go:291.52,294.9 3 0
github.com/turtacn/cbc/cmd/server/main.go:294.9,296.3 1 0
github.com/turtacn/cbc/cmd/server/main.go:298.2,299.16 2 0
github.com/turtacn/cbc/cmd/server/main.go:299.16,301.3 1 0
github.com/turtacn/cbc/cmd/server/main.go:302.2,306.16 4 0
github.com/turtacn/cbc/cmd/server/main.go:306.16,308.3 1 0
github.com/turtacn/cbc/cmd/server/main.go:310.2,312.16 3 0
github.com/turtacn/cbc/cmd/server/main.go:312.16,314.3 1 0
github.com/turtacn/cbc/cmd/server/main.go:316.2,316.80 1 0
github.com/turtacn/cbc/cmd/server/main.go:316.80,318.16 2 0
github.com/turtacn/cbc/cmd/server/main.go:318.16,320.3 1 0
github.com/turtacn/cbc/cmd/server/main.go:321.8,323.3 1 0
github.com/turtacn/cbc/cmd/server/main.go:325.2,326.16 2 0
github.com/turtacn/cbc/cmd/server/main.go:326.16,328.3 1 0
github.com/turtacn/cbc/cmd/server/main.go:330.2,338.12 6 0
github.com/turtacn/cbc/cmd/server/main.go:343.48,346.16 3 0
github.com/turtacn/cbc/cmd/server/main.go:346.16,348.3 1 0
github.com/turtacn/cbc/cmd/server/main.go:349.2,350.12 2 0
github.com/turtacn/cbc/cmd/server/main.go:355.50,364.2 8 0
github.com/turtacn/cbc/cmd/server/main.go:368.57,372.9 3 0
github.com/turtacn/cbc/cmd/server/main.go:372.9,374.3 1 0
github.com/turtacn/cbc/cmd/server/main.go:375.2,382.12 7 0
github.com/turtacn/cbc/cmd/server/main.go:387.48,389.16 2 0
github.com/turtacn/cbc/cmd/server/main.go:389.16,391.3 1 0
github.com/turtacn/cbc/cmd/server/main.go:394.2,395.37 2 0
github.com/turtacn/cbc/cmd/server/main.go:395.37,397.3 1 0
github.com/turtacn/cbc/cmd/server/main.go:398.2,426.37 22 0
github.com/turtacn/cbc/cmd/server/main.go:426.37,428.3 1 0
github.com/turtacn/cbc/cmd/server/main.go:429.2,430.16 2 0
github.com/turtacn/cbc/cmd/server/main.go:430.16,432.3 1 0
github.com/turtacn/cbc/cmd/server/main.go:433.2,434.22 2 0
github.com/turtacn/cbc/cmd/server/main.go:434.22,436.3 1 0
github.com/turtacn/cbc/cmd/server/main.go:437.2,442.12 6 0
github.com/turtacn/cbc/cmd/server/main.go:442.12,443.56 1 0
github.com/turtacn/cbc/cmd/server/main.go:443.56,445.4 1 0
github.com/turtacn/cbc/cmd/server/main.go:447.2,448.12 2 0
github.com/turtacn/cbc/cmd/server/main.go:455.63,456.36 1 0
github.com/turtacn/cbc/cmd/server/main.go:456.36,458.3 1 0
github.com/turtacn/cbc/cmd/server/main.go:460.2,461.16 2 0
github.com/turtacn/cbc/cmd/server/main.go:461.16,463.3 1 0
github.com/turtacn/cbc/cmd/server/main.go:465.2,471.46 2 0
github.com/turtacn/cbc/cmd/server/main.go:471.46,473.17 2 0
github.com/turtacn/cbc/cmd/server/main.go:473.17,475.4 1 0
github.com/turtacn/cbc/cmd/server/main.go:476.3,477.45 2 0
github.com/turtacn/cbc/cmd/server/main.go:477.45,479.4 1 0
github.com/turtacn/cbc/cmd/server/main.go:480.3,482.68 3 0
github.com/turtacn/cbc/cmd/server/main.go:485.2,485.23 1 0
github.com/turtacn/cbc/cmd/server/main.go:490.39,492.12 1 0
github.com/turtacn/cbc/cmd/server/main.go:492.12,493.36 1 0
github.com/turtacn/cbc/cmd/server/main.go:493.36,495.84 2 0
github.com/turtacn/cbc/cmd/server/main.go:495.84,497.5 1 0
github.com/turtacn/cbc/cmd/server/main.go:498.9,500.75 2 0
github.com/turtacn/cbc/cmd/server/main.go:500.75,502.5 1 0
github.com/turtacn/cbc/cmd/server/main.go:507.2,507.12 1 0
github.com/turtacn/cbc/cmd/server/main.go:507.12,509.82 2 0
github.com/turtacn/cbc/cmd/server/main.go:509.82,511.4 1 0
github.com/turtacn/cbc/cmd/server/main.go:515.2,515.12 1 0
github.com/turtacn/cbc/cmd/server/main.go:515.12,519.80 4 0
github.com/turtacn/cbc/cmd/server/main.go:519.80,521.4 1 0
github.com/turtacn/cbc/cmd/server/main.go:524.2,525.12 2 0
github.com/turtacn/cbc/cmd/server/main.go:530.43,535.2 4 0
github.com/turtacn/cbc/cmd/server/main.go:541.42,548.61 5 0
github.com/turtacn/cbc/cmd/server/main.go:548.61,551.3 2 0
github.com/turtacn/cbc/cmd/server/main.go:552.2,552.69 1 0
github.com/turtacn/cbc/cmd/server/main.go:552.69,555.3 2 0
github.com/turtacn/cbc/cmd/server/main.go:556.2,559.23 2 0
github.com/turtacn/cbc/cmd/server/main.go:559.23,561.3 1 0
github.com/turtacn/cbc/cmd/server/main.go:562.2,562.28 1 0
github.com/turtacn/cbc/cmd/server/main.go:562.28,563.49 1 0
github.com/turtacn/cbc/cmd/server/main.go:563.49,566.4 2 0
github.com/turtacn/cbc/cmd/server/main.go:568.2,569.20 2 0
github.com/turtacn/cbc/internal/application/service/mocks/mock_device_auth_app_service.go:18.138,21.19 2 0
github.com/turtacn/cbc/internal/application/service/mocks/mock_device_auth_app_service.go:21.19,22.57 1 0
github.com/turtacn/cbc/internal/application/service/mocks/mock_device_auth_app_service.go:25.2,27.98 3 0
github.com/turtacn/cbc/internal/application/service/mocks/mock_device_auth_app_service.go:27.98,29.3 1 0
github.com/turtacn/cbc/internal/application/service/mocks/mock_device_auth_app_service.go:30.2,30.89 1 0
github.com/turtacn/cbc/internal/application/service/mocks/mock_device_auth_app_service.go:30.89,32.3 1 0
github.com/turtacn/cbc/internal/application/service/mocks/mock_device_auth_app_service.go:32.8,33.24 1 0
github.com/turtacn/cbc/internal/application/service/mocks/mock_device_auth_app_service.go:33.24,35.4 1 0
github.com/turtacn/cbc/internal/application/service/mocks/mock_device_auth_app_service.go:38.2,38.76 1 0
github.com/turtacn/cbc/internal/application/service/mocks/mock_device_auth_app_service.go:38.76,40.3 1 0
github.com/turtacn/cbc/internal/application/service/mocks/mock_device_auth_app_service.go:40.8,42.3 1 0
github.com/turtacn/cbc/internal/application/service/mocks/mock_device_auth_app_service.go:44.2,44.15 1 0
github.com/turtacn/cbc/internal/application/service/mocks/mock_device_auth_app_service.go:48.138,51.19 2 0
github.com/turtacn/cbc/internal/application/service/mocks/mock_device_auth_app_service.go:51.19,52.57 1 0
github.com/turtacn/cbc/internal/application/service/mocks/mock_device_auth_app_service.go:55.2,57.103 3 0
github.com/turtacn/cbc/internal/application/service/mocks/mock_device_auth_app_service.go:57.103,59.3 1 0
github.com/turtacn/cbc/internal/application/service/mocks/mock_device_auth_app_service.go:60.2,60.94 1 0
github.com/turtacn/cbc/internal/application/service/mocks/mock_device_auth_app_service.go:60.94,62.3 1 0
github.com/turtacn/cbc/internal/application/service/mocks/mock_device_auth_app_service.go:62.8,63.24 1 0
github.com/turtacn/cbc/internal/application/service/mocks/mock_device_auth_app_service.go:63.24,65.4 1 0
github.com/turtacn/cbc/internal/application/service/mocks/mock_device_auth_app_service.go:68.2,68.76 1 0
github.com/turtacn/cbc/internal/application/service/mocks/mock_device_auth_app_service.go:68.76,70.3 1 0
github.com/turtacn/cbc/internal/application/service/mocks/mock_device_auth_app_service.go:70.8,72.3 1 0
github.com/turtacn/cbc/internal/application/service/mocks/mock_device_auth_app_service.go:74.2,74.15 1 0
github.com/turtacn/cbc/internal/application/service/mocks/mock_device_auth_app_service.go:78.146,81.19 2 0
github.com/turtacn/cbc/internal/application/service/mocks/mock_device_auth_app_service.go:81.19,82.58 1 0
github.com/turtacn/cbc/internal/application/service/mocks/mock_device_auth_app_service.go:85.2,86.92 2 0
github.com/turtacn/cbc/internal/application/service/mocks/mock_device_auth_app_service.go:86.92,88.3 1 0
github.com/turtacn/cbc/internal/application/service/mocks/mock_device_auth_app_service.go:88.8,90.3 1 0
github.com/turtacn/cbc/internal/application/service/mocks/mock_device_auth_app_service.go:92.2,92.11 1 0
github.com/turtacn/cbc/internal/application/service/mocks/mock_device_auth_app_service.go:100.30,104.19 3 0
github.com/turtacn/cbc/internal/application/service/mocks/mock_device_auth_app_service.go:104.19,104.49 1 0
github.com/turtacn/cbc/internal/application/service/mocks/mock_device_auth_app_service.go:106.2,106.13 1 0
github.com/turtacn/cbc/internal/config/config.go:197.35,198.44 1 0
github.com/turtacn/cbc/internal/config/config.go:198.44,200.3 1 0
github.com/turtacn/cbc/internal/config/config.go:201.2,201.46 1 0
github.com/turtacn/cbc/internal/config/config.go:201.46,203.3 1 0
github.com/turtacn/cbc/internal/config/config.go:204.2,204.43 1 0
github.com/turtacn/cbc/internal/config/config.go:204.43,206.3 1 0
github.com/turtacn/cbc/internal/config/config.go:207.2,207.43 1 0
github.com/turtacn/cbc/internal/config/config.go:207.43,209.3 1 0
github.com/turtacn/cbc/internal/config/config.go:210.2,210.41 1 0
github.com/turtacn/cbc/internal/config/config.go:210.41,212.3 1 0
github.com/turtacn/cbc/internal/config/config.go:213.2,213.47 1 0
github.com/turtacn/cbc/internal/config/config.go:213.47,215.3 1 0
github.com/turtacn/cbc/internal/config/config.go:216.2,216.49 1 0
github.com/turtacn/cbc/internal/config/config.go:216.49,218.3 1 0
github.com/turtacn/cbc/internal/config/config.go:219.2,219.51 1 0
github.com/turtacn/cbc/internal/config/config.go:219.51,221.3 1 0
github.com/turtacn/cbc/internal/config/config.go:222.2,222.41 1 0
github.com/turtacn/cbc/internal/config/config.go:222.41,224.3 1 0
github.com/turtacn/cbc/internal/config/config.go:225.2,225.43 1 0
github.com/turtacn/cbc/internal/config/config.go:225.43,227.3 1 0
github.com/turtacn/cbc/internal/config/config.go:228.2,228.43 1 0
github.com/turtacn/cbc/internal/config/config.go:228.43,230.3 1 0
github.com/turtacn/cbc/internal/config/config.go:231.2,231.41 1 0
github.com/turtacn/cbc/internal/config/config.go:231.41,233.3 1 0
github.com/turtacn/cbc/internal/config/config.go:234.2,234.43 1 0
github.com/turtacn/cbc/internal/config/config.go:234.43,236.3 1 0
github.com/turtacn/cbc/internal/config/config.go:237.2,237.44 1 0
github.com/turtacn/cbc/internal/config/config.go:237.44,239.3 1 0
github.com/turtacn/cbc/internal/config/config.go:240.2,240.12 1 0
github.com/turtacn/cbc/internal/config/config.go:244.40,245.23 1 0
github.com/turtacn/cbc/internal/config/config.go:245.23,247.3 1 0
github.com/turtacn/cbc/internal/config/config.go:248.2,248.12 1 0
github.com/turtacn/cbc/internal/config/config.go:252.41,253.28 1 0
github.com/turtacn/cbc/internal/config/config.go:253.28,255.3 1 0
github.com/turtacn/cbc/internal/config/config.go:256.2,256.12 1 0
github.com/turtacn/cbc/internal/config/config.go:260.38,261.20 1 0
github.com/turtacn/cbc/internal/config/config.go:261.20,262.63 1 0
github.com/turtacn/cbc/internal/config/config.go:262.63,264.4 1 0
github.com/turtacn/cbc/internal/config/config.go:265.3,265.61 1 0
github.com/turtacn/cbc/internal/config/config.go:265.61,267.4 1 0
github.com/turtacn/cbc/internal/config/config.go:269.2,269.12 1 0
github.com/turtacn/cbc/internal/config/config.go:273.40,274.32 1 0
github.com/turtacn/cbc/internal/config/config.go:274.32,276.3 1 0
github.com/turtacn/cbc/internal/config/config.go:277.2,277.31 1 0
github.com/turtacn/cbc/internal/config/config.go:277.31,279.3 1 0
github.com/turtacn/cbc/internal/config/config.go:280.2,280.51 1 0
github.com/turtacn/cbc/internal/config/config.go:280.51,282.3 1 0
github.com/turtacn/cbc/internal/config/config.go:283.2,283.29 1 0
github.com/turtacn/cbc/internal/config/config.go:283.29,285.3 1 0
github.com/turtacn/cbc/internal/config/config.go:286.2,286.12 1 0
github.com/turtacn/cbc/internal/config/config.go:290.40,291.47 1 0
github.com/turtacn/cbc/internal/config/config.go:291.47,293.3 1 0
github.com/turtacn/cbc/internal/config/config.go:294.2,294.24 1 0
github.com/turtacn/cbc/internal/config/config.go:294.24,296.3 1 0
github.com/turtacn/cbc/internal/config/config.go:297.2,297.22 1 0
github.com/turtacn/cbc/internal/config/config.go:297.22,299.3 1 0
github.com/turtacn/cbc/internal/config/config.go:300.2,300.12 1 0
github.com/turtacn/cbc/internal/config/config.go:304.41,305.43 1 0
github.com/turtacn/cbc/internal/config/config.go:305.43,307.3 1 0
github.com/turtacn/cbc/internal/config/config.go:308.2,308.43 1 0
github.com/turtacn/cbc/internal/config/config.go:308.43,310.3 1 0
github.com/turtacn/cbc/internal/config/config.go:311.2,311.41 1 0
github.com/turtacn/cbc/internal/config/config.go:311.41,313.3 1 0
github.com/turtacn/cbc/internal/config/config.go:314.2,314.12 1 0
github.com/turtacn/cbc/internal/config/config.go:318.38,319.15 1 0
github.com/turtacn/cbc/internal/config/config.go:319.15,320.23 1 0
github.com/turtacn/cbc/internal/config/config.go:320.23,322.4 1 0
github.com/turtacn/cbc/internal/config/config.go:323.3,323.22 1 0
github.com/turtacn/cbc/internal/config/config.go:323.22,325.4 1 0
github.com/turtacn/cbc/internal/config/config.go:327.2,327.12 1 0
github.com/turtacn/cbc/internal/config/config.go:331.43,332.18 1 0
github.com/turtacn/cbc/internal/config/config.go:332.18,334.3 1 0
github.com/turtacn/cbc/internal/config/config.go:335.2,335.35 1 0
github.com/turtacn/cbc/internal/config/config.go:335.35,337.3 1 0
github.com/turtacn/cbc/internal/config/config.go:338.2,338.18 1 0
github.com/turtacn/cbc/internal/config/config.go:338.18,340.3 1 0
github.com/turtacn/cbc/internal/config/config.go:341.2,341.22 1 0
github.com/turtacn/cbc/internal/config/config.go:341.22,343.3 1 0
github.com/turtacn/cbc/internal/config/config.go:344.2,344.22 1 0
github.com/turtacn/cbc/internal/config/config.go:344.22,346.3 1 0
github.com/turtacn/cbc/internal/config/config.go:347.2,347.21 1 0
github.com/turtacn/cbc/internal/config/config.go:347.21,349.3 1 0
github.com/turtacn/cbc/internal/config/config.go:350.2,350.21 1 0
github.com/turtacn/cbc/internal/config/config.go:350.21,352.3 1 0
github.com/turtacn/cbc/internal/config/config.go:353.2,353.29 1 0
github.com/turtacn/cbc/internal/config/config.go:353.29,355.3 1 0
github.com/turtacn/cbc/internal/config/config.go:356.2,356.12 1 0
github.com/turtacn/cbc/internal/config/config.go:360.40,361.22 1 0
github.com/turtacn/cbc/internal/config/config.go:361.22,362.31 1 0
github.com/turtacn/cbc/internal/config/config.go:362.31,364.4 1 0
github.com/turtacn/cbc/internal/config/config.go:365.8,366.22 1 0
github.com/turtacn/cbc/internal/config/config.go:366.22,368.4 1 0
github.com/turtacn/cbc/internal/config/config.go:370.2,370.21 1 0
github.com/turtacn/cbc/internal/config/config.go:370.21,372.3 1 0
github.com/turtacn/cbc/internal/config/config.go:373.2,373.24 1 0
github.com/turtacn/cbc/internal/config/config.go:373.24,375.3 1 0
github.com/turtacn/cbc/internal/config/config.go:376.2,376.12 1 0
github.com/turtacn/cbc/internal/config/config.go:380.40,381.21 1 0
github.com/turtacn/cbc/internal/config/config.go:381.21,383.3 1 0
github.com/turtacn/cbc/internal/config/config.go:384.2,384.12 1 0
github.com/turtacn/cbc/internal/config/config.go:388.38,389.30 1 0
github.com/turtacn/cbc/internal/config/config.go:389.30,391.3 1 0
github.com/turtacn/cbc/internal/config/config.go:392.2,393.44 2 0
github.com/turtacn/cbc/internal/config/config.go:393.44,394.32 1 0
github.com/turtacn/cbc/internal/config/config.go:394.32,396.9 2 0
github.com/turtacn/cbc/internal/config/config.go:399.2,399.25 1 0
github.com/turtacn/cbc/internal/config/config.go:399.25,401.3 1 0
github.com/turtacn/cbc/internal/config/config.go:402.2,402.27 1 0
github.com/turtacn/cbc/internal/config/config.go:402.27,404.3 1 0
github.com/turtacn/cbc/internal/config/config.go:405.2,405.28 1 0
github.com/turtacn/cbc/internal/config/config.go:405.28,407.3 1 0
github.com/turtacn/cbc/internal/config/config.go:408.2,408.43 1 0
github.com/turtacn/cbc/internal/config/config.go:408.43,410.3 1 0
github.com/turtacn/cbc/internal/config/config.go:411.2,411.20 1 0
github.com/turtacn/cbc/internal/config/config.go:411.20,413.3 1 0
github.com/turtacn/cbc/internal/config/config.go:414.2,414.12 1 0
github.com/turtacn/cbc/internal/config/config.go:418.44,419.15 1 0
github.com/turtacn/cbc/internal/config/config.go:419.15,420.23 1 0
github.com/turtacn/cbc/internal/config/config.go:420.23,422.4 1 0
github.com/turtacn/cbc/internal/config/config.go:423.3,423.23 1 0
github.com/turtacn/cbc/internal/config/config.go:423.23,425.4 1 0
github.com/turtacn/cbc/internal/config/config.go:426.3,426.22 1 0
github.com/turtacn/cbc/internal/config/config.go:426.22,428.4 1 0
github.com/turtacn/cbc/internal/config/config.go:430.2,430.12 1 0
github.com/turtacn/cbc/internal/config/config.go:434.46,435.39 1 0
github.com/turtacn/cbc/internal/config/config.go:435.39,437.3 1 0
github.com/turtacn/cbc/internal/config/config.go:438.2,438.12 1 0
github.com/turtacn/cbc/internal/config/config.go:442.48,443.15 1 0
github.com/turtacn/cbc/internal/config/config.go:443.15,444.30 1 0
github.com/turtacn/cbc/internal/config/config.go:444.30,446.4 1 0
github.com/turtacn/cbc/internal/config/config.go:448.2,448.12 1 0
github.com/turtacn/cbc/internal/config/config.go:452.38,455.36 3 0
github.com/turtacn/cbc/internal/config/config.go:455.36,456.23 1 0
github.com/turtacn/cbc/internal/config/config.go:456.23,458.9 2 0
github.com/turtacn/cbc/internal/config/config.go:461.2,461.17 1 0
github.com/turtacn/cbc/internal/config/config.go:461.17,463.3 1 0
github.com/turtacn/cbc/internal/config/config.go:464.2,466.38 3 0
github.com/turtacn/cbc/internal/config/config.go:466.38,467.25 1 0
github.com/turtacn/cbc/internal/config/config.go:467.25,469.9 2 0
github.com/turtacn/cbc/internal/config/config.go:472.2,472.18 1 0
github.com/turtacn/cbc/internal/config/config.go:472.18,474.3 1 0
github.com/turtacn/cbc/internal/config/config.go:475.2,475.28 1 0
github.com/turtacn/cbc/internal/config/config.go:475.28,477.3 1 0
github.com/turtacn/cbc/internal/config/config.go:478.2,478.12 1 0
github.com/turtacn/cbc/internal/config/config.go:482.50,485.2 1 0
github.com/turtacn/cbc/internal/config/config.go:488.48,490.2 1 0
github.com/turtacn/cbc/internal/config/config.go:493.48,495.2 1 0
github.com/turtacn/cbc/internal/config/config.go:498.48,499.22 1 0
github.com/turtacn/cbc/internal/config/config.go:499.22,501.3 1 0
github.com/turtacn/cbc/internal/config/config.go:502.2,502.18 1 0
github.com/turtacn/cbc/internal/config/loader.go:40.50,41.31 1 0
github.com/turtacn/cbc/internal/config/loader.go:41.31,43.3 1 0
github.com/turtacn/cbc/internal/config/loader.go:47.47,48.31 1 0
github.com/turtacn/cbc/internal/config/loader.go:48.31,50.3 1 0
github.com/turtacn/cbc/internal/config/loader.go:54.45,64.27 3 0
github.com/turtacn/cbc/internal/config/loader.go:64.27,66.3 1 0
github.com/turtacn/cbc/internal/config/loader.go:68.2,68.15 1 0
github.com/turtacn/cbc/internal/config/loader.go:72.48,80.24 3 0
github.com/turtacn/cbc/internal/config/loader.go:80.24,82.3 1 0
github.com/turtacn/cbc/internal/config/loader.go:84.2,84.24 1 0
github.com/turtacn/cbc/internal/config/loader.go:84.24,87.22 2 0
github.com/turtacn/cbc/internal/config/loader.go:87.22,89.4 1 0
github.com/turtacn/cbc/internal/config/loader.go:90.8,98.3 6 0
github.com/turtacn/cbc/internal/config/loader.go:101.2,109.47 5 0
github.com/turtacn/cbc/internal/config/loader.go:109.47,110.55 1 0
github.com/turtacn/cbc/internal/config/loader.go:110.55,112.23 1 0
github.com/turtacn/cbc/internal/config/loader.go:112.23,114.5 1 0
github.com/turtacn/cbc/internal/config/loader.go:115.9,118.4 1 0
github.com/turtacn/cbc/internal/config/loader.go:119.8,120.22 1 0
github.com/turtacn/cbc/internal/config/loader.go:120.22,122.4 1 0
github.com/turtacn/cbc/internal/config/loader.go:126.2,127.47 2 0
github.com/turtacn/cbc/internal/config/loader.go:127.47,129.3 1 0
github.com/turtacn/cbc/internal/config/loader.go:132.2,132.39 1 0
github.com/turtacn/cbc/internal/config/loader.go:132.39,134.3 1 0
github.com/turtacn/cbc/internal/config/loader.go:136.2,138.21 2 0
github.com/turtacn/cbc/internal/config/loader.go:138.21,144.3 1 0
github.com/turtacn/cbc/internal/config/loader.go:146.2,146.17 1 0
github.com/turtacn/cbc/internal/config/loader.go:150.39,151.21 1 0
github.com/turtacn/cbc/internal/config/loader.go:151.21,153.3 1 0
github.com/turtacn/cbc/internal/config/loader.go:155.2,156.16 2 0
github.com/turtacn/cbc/internal/config/loader.go:156.16,158.3 1 0
github.com/turtacn/cbc/internal/config/loader.go:161.2,165.37 4 0
github.com/turtacn/cbc/internal/config/loader.go:165.37,167.3 1 0
github.com/turtacn/cbc/internal/config/loader.go:169.2,169.21 1 0
github.com/turtacn/cbc/internal/config/loader.go:169.21,171.3 1 0
github.com/turtacn/cbc/internal/config/loader.go:173.2,173.12 1 0
github.com/turtacn/cbc/internal/config/loader.go:177.60,179.16 2 0
github.com/turtacn/cbc/internal/config/loader.go:179.16,182.3 2 0
github.com/turtacn/cbc/internal/config/loader.go:183.2,189.48 5 0
github.com/turtacn/cbc/internal/config/loader.go:189.48,190.22 1 0
github.com/turtacn/cbc/internal/config/loader.go:190.22,192.4 1 0
github.com/turtacn/cbc/internal/config/loader.go:195.3,197.36 2 0
github.com/turtacn/cbc/internal/config/loader.go:197.36,198.23 1 0
github.com/turtacn/cbc/internal/config/loader.go:198.23,200.5 1 0
github.com/turtacn/cbc/internal/config/loader.go:204.2,204.21 1 0
github.com/turtacn/cbc/internal/config/loader.go:204.21,206.3 1 0
github.com/turtacn/cbc/internal/config/loader.go:208.2,208.12 1 0
github.com/turtacn/cbc/internal/config/loader.go:212.44,216.2 3 0
github.com/turtacn/cbc/internal/config/loader.go:219.38,323.2 86 0
github.com/turtacn/cbc/internal/config/loader.go:326.69,332.2 2 0
github.com/turtacn/cbc/internal/config/loader.go:335.55,338.2 2 0
github.com/turtacn/cbc/internal/config/loader.go:341.45,344.16 3 0
github.com/turtacn/cbc/internal/config/loader.go:344.16,345.55 1 0
github.com/turtacn/cbc/internal/config/loader.go:347.2,347.12 1 0
github.com/turtacn/cbc/internal/config/loader.go:351.44,354.47 2 0
github.com/turtacn/cbc/internal/config/loader.go:354.47,356.3 1 0
github.com/turtacn/cbc/internal/config/loader.go:359.2,468.72 2 0
github.com/turtacn/cbc/internal/config/loader.go:468.72,470.3 1 0
github.com/turtacn/cbc/internal/config/loader.go:472.2,472.12 1 0
github.com/turtacn/cbc/internal/domain/repository/mocks/KeyRepository.go:18.80,21.19 2 0
github.com/turtacn/cbc/internal/domain/repository/mocks/KeyRepository.go:21.19,22.51 1 0
github.com/turtacn/cbc/internal/domain/repository/mocks/KeyRepository.go:25.2,26.73 2 0
github.com/turtacn/cbc/internal/domain/repository/mocks/KeyRepository.go:26.73,28.3 1 0
github.com/turtacn/cbc/internal/domain/repository/mocks/KeyRepository.go:28.8,30.3 1 0
github.com/turtacn/cbc/internal/domain/repository/mocks/KeyRepository.go:32.2,32.11 1 0
github.com/turtacn/cbc/internal/domain/repository/mocks/KeyRepository.go:36.101,39.19 2 0
github.com/turtacn/cbc/internal/domain/repository/mocks/KeyRepository.go:39.19,40.55 1 0
github.com/turtacn/cbc/internal/domain/repository/mocks/KeyRepository.go:43.2,45.85 3 0
github.com/turtacn/cbc/internal/domain/repository/mocks/KeyRepository.go:45.85,47.3 1 0
github.com/turtacn/cbc/internal/domain/repository/mocks/KeyRepository.go:48.2,48.76 1 0
github.com/turtacn/cbc/internal/domain/repository/mocks/KeyRepository.go:48.76,50.3 1 0
github.com/turtacn/cbc/internal/domain/repository/mocks/KeyRepository.go:50.8,51.24 1 0
github.com/turtacn/cbc/internal/domain/repository/mocks/KeyRepository.go:51.24,53.4 1 0
github.com/turtacn/cbc/internal/domain/repository/mocks/KeyRepository.go:56.2,56.68 1 0
github.com/turtacn/cbc/internal/domain/repository/mocks/KeyRepository.go:56.68,58.3 1 0
github.com/turtacn/cbc/internal/domain/repository/mocks/KeyRepository.go:58.8,60.3 1 0
github.com/turtacn/cbc/internal/domain/repository/mocks/KeyRepository.go:62.2,62.15 1 0
github.com/turtacn/cbc/internal/domain/repository/mocks/KeyRepository.go:66.105,69.19 2 0
github.com/turtacn/cbc/internal/domain/repository/mocks/KeyRepository.go:69.19,70.59 1 0
github.com/turtacn/cbc/internal/domain/repository/mocks/KeyRepository.go:73.2,75.85 3 0
github.com/turtacn/cbc/internal/domain/repository/mocks/KeyRepository.go:75.85,77.3 1 0
github.com/turtacn/cbc/internal/domain/repository/mocks/KeyRepository.go:78.2,78.76 1 0
github.com/turtacn/cbc/internal/domain/repository/mocks/KeyRepository.go:78.76,80.3 1 0
github.com/turtacn/cbc/internal/domain/repository/mocks/KeyRepository.go:80.8,81.24 1 0
github.com/turtacn/cbc/internal/domain/repository/mocks/KeyRepository.go:81.24,83.4 1 0
github.com/turtacn/cbc/internal/domain/repository/mocks/KeyRepository.go:86.2,86.68 1 0
github.com/turtacn/cbc/internal/domain/repository/mocks/KeyRepository.go:86.68,88.3 1 0
github.com/turtacn/cbc/internal/domain/repository/mocks/KeyRepository.go:88.8,90.3 1 0
github.com/turtacn/cbc/internal/domain/repository/mocks/KeyRepository.go:92.2,92.15 1 0
github.com/turtacn/cbc/internal/domain/repository/mocks/KeyRepository.go:96.109,99.19 2 0
github.com/turtacn/cbc/internal/domain/repository/mocks/KeyRepository.go:99.19,100.53 1 0
github.com/turtacn/cbc/internal/domain/repository/mocks/KeyRepository.go:103.2,105.91 3 0
github.com/turtacn/cbc/internal/domain/repository/mocks/KeyRepository.go:105.91,107.3 1 0
github.com/turtacn/cbc/internal/domain/repository/mocks/KeyRepository.go:108.2,108.82 1 0
github.com/turtacn/cbc/internal/domain/repository/mocks/KeyRepository.go:108.82,110.3 1 0
github.com/turtacn/cbc/internal/domain/repository/mocks/KeyRepository.go:110.8,111.24 1 0
github.com/turtacn/cbc/internal/domain/repository/mocks/KeyRepository.go:111.24,113.4 1 0
github.com/turtacn/cbc/internal/domain/repository/mocks/KeyRepository.go:116.2,116.76 1 0
github.com/turtacn/cbc/internal/domain/repository/mocks/KeyRepository.go:116.76,118.3 1 0
github.com/turtacn/cbc/internal/domain/repository/mocks/KeyRepository.go:118.8,120.3 1 0
github.com/turtacn/cbc/internal/domain/repository/mocks/KeyRepository.go:122.2,122.15 1 0
github.com/turtacn/cbc/internal/domain/repository/mocks/KeyRepository.go:126.113,129.19 2 0
github.com/turtacn/cbc/internal/domain/repository/mocks/KeyRepository.go:129.19,130.57 1 0
github.com/turtacn/cbc/internal/domain/repository/mocks/KeyRepository.go:133.2,134.84 2 0
github.com/turtacn/cbc/internal/domain/repository/mocks/KeyRepository.go:134.84,136.3 1 0
github.com/turtacn/cbc/internal/domain/repository/mocks/KeyRepository.go:136.8,138.3 1 0
github.com/turtacn/cbc/internal/domain/repository/mocks/KeyRepository.go:140.2,140.11 1 0
github.com/turtacn/cbc/internal/domain/repository/mocks/KeyRepository.go:148.19,152.19 3 0
github.com/turtacn/cbc/internal/domain/repository/mocks/KeyRepository.go:152.19,152.49 1 0
github.com/turtacn/cbc/internal/domain/repository/mocks/KeyRepository.go:154.2,154.13 1 0
github.com/turtacn/cbc/internal/domain/repository/mocks/TenantRepository.go:25.80,28.19 2 0
github.com/turtacn/cbc/internal/domain/repository/mocks/TenantRepository.go:28.19,29.48 1 0
github.com/turtacn/cbc/internal/domain/repository/mocks/TenantRepository.go:32.2,33.68 2 0
github.com/turtacn/cbc/internal/domain/repository/mocks/TenantRepository.go:33.68,35.3 1 0
github.com/turtacn/cbc/internal/domain/repository/mocks/TenantRepository.go:35.8,37.3 1 0
github.com/turtacn/cbc/internal/domain/repository/mocks/TenantRepository.go:39.2,39.11 1 0
github.com/turtacn/cbc/internal/domain/repository/mocks/TenantRepository.go:43.88,46.19 2 0
github.com/turtacn/cbc/internal/domain/repository/mocks/TenantRepository.go:46.19,47.48 1 0
github.com/turtacn/cbc/internal/domain/repository/mocks/TenantRepository.go:50.2,52.76 3 0
github.com/turtacn/cbc/internal/domain/repository/mocks/TenantRepository.go:52.76,54.3 1 0
github.com/turtacn/cbc/internal/domain/repository/mocks/TenantRepository.go:55.2,55.67 1 0
github.com/turtacn/cbc/internal/domain/repository/mocks/TenantRepository.go:55.67,57.3 1 0
github.com/turtacn/cbc/internal/domain/repository/mocks/TenantRepository.go:57.8,59.3 1 0
github.com/turtacn/cbc/internal/domain/repository/mocks/TenantRepository.go:61.2,61.68 1 0
github.com/turtacn/cbc/internal/domain/repository/mocks/TenantRepository.go:61.68,63.3 1 0
github.com/turtacn/cbc/internal/domain/repository/mocks/TenantRepository.go:63.8,65.3 1 0
github.com/turtacn/cbc/internal/domain/repository/mocks/TenantRepository.go:67.2,67.15 1 0
github.com/turtacn/cbc/internal/domain/repository/mocks/TenantRepository.go:71.90,74.19 2 0
github.com/turtacn/cbc/internal/domain/repository/mocks/TenantRepository.go:74.19,75.55 1 0
github.com/turtacn/cbc/internal/domain/repository/mocks/TenantRepository.go:78.2,80.80 3 0
github.com/turtacn/cbc/internal/domain/repository/mocks/TenantRepository.go:80.80,82.3 1 0
github.com/turtacn/cbc/internal/domain/repository/mocks/TenantRepository.go:83.2,83.71 1 0
github.com/turtacn/cbc/internal/domain/repository/mocks/TenantRepository.go:83.71,85.3 1 0
github.com/turtacn/cbc/internal/domain/repository/mocks/TenantRepository.go:85.8,86.24 1 0
github.com/turtacn/cbc/internal/domain/repository/mocks/TenantRepository.go:86.24,88.4 1 0
github.com/turtacn/cbc/internal/domain/repository/mocks/TenantRepository.go:91.2,91.60 1 0
github.com/turtacn/cbc/internal/domain/repository/mocks/TenantRepository.go:91.60,93.3 1 0
github.com/turtacn/cbc/internal/domain/repository/mocks/TenantRepository.go:93.8,95.3 1 0
github.com/turtacn/cbc/internal/domain/repository/mocks/TenantRepository.go:97.2,97.15 1 0
github.com/turtacn/cbc/internal/domain/repository/mocks/TenantRepository.go:101.114,104.19 2 0
github.com/turtacn/cbc/internal/domain/repository/mocks/TenantRepository.go:104.19,105.49 1 0
github.com/turtacn/cbc/internal/domain/repository/mocks/TenantRepository.go:108.2,111.97 4 0
github.com/turtacn/cbc/internal/domain/repository/mocks/TenantRepository.go:111.97,113.3 1 0
github.com/turtacn/cbc/internal/domain/repository/mocks/TenantRepository.go:114.2,114.81 1 0
github.com/turtacn/cbc/internal/domain/repository/mocks/TenantRepository.go:114.81,116.3 1 0
github.com/turtacn/cbc/internal/domain/repository/mocks/TenantRepository.go:116.8,117.24 1 0
github.com/turtacn/cbc/internal/domain/repository/mocks/TenantRepository.go:117.24,119.4 1 0
github.com/turtacn/cbc/internal/domain/repository/mocks/TenantRepository.go:122.2,122.70 1 0
github.com/turtacn/cbc/internal/domain/repository/mocks/TenantRepository.go:122.70,124.3 1 0
github.com/turtacn/cbc/internal/domain/repository/mocks/TenantRepository.go:124.8,126.3 1 0
github.com/turtacn/cbc/internal/domain/repository/mocks/TenantRepository.go:128.2,128.70 1 0
github.com/turtacn/cbc/internal/domain/repository/mocks/TenantRepository.go:128.70,130.3 1 0
github.com/turtacn/cbc/internal/domain/repository/mocks/TenantRepository.go:130.8,132.3 1 0
github.com/turtacn/cbc/internal/domain/repository/mocks/TenantRepository.go:134.2,134.19 1 0
github.com/turtacn/cbc/internal/domain/repository/mocks/TenantRepository.go:138.100,141.19 2 0
github.com/turtacn/cbc/internal/domain/repository/mocks/TenantRepository.go:141.19,142.50 1 0
github.com/turtacn/cbc/internal/domain/repository/mocks/TenantRepository.go:145.2,147.86 3 0
github.com/turtacn/cbc/internal/domain/repository/mocks/TenantRepository.go:147.86,149.3 1 0
github.com/turtacn/cbc/internal/domain/repository/mocks/TenantRepository.go:150.2,150.77 1 0
github.com/turtacn/cbc/internal/domain/repository/mocks/TenantRepository.go:150.77,152.3 1 0
github.com/turtacn/cbc/internal/domain/repository/mocks/TenantRepository.go:152.8,153.24 1 0
github.com/turtacn/cbc/internal/domain/repository/mocks/TenantRepository.go:153.24,155.4 1 0
github.com/turtacn/cbc/internal/domain/repository/mocks/TenantRepository.go:158.2,158.68 1 0
github.com/turtacn/cbc/internal/domain/repository/mocks/TenantRepository.go:158.68,160.3 1 0
github.com/turtacn/cbc/internal/domain/repository/mocks/TenantRepository.go:160.8,162.3 1 0
github.com/turtacn/cbc/internal/domain/repository/mocks/TenantRepository.go:164.2,164.15 1 0
github.com/turtacn/cbc/internal/domain/repository/mocks/TenantRepository.go:168.98,171.19 2 0
github.com/turtacn/cbc/internal/domain/repository/mocks/TenantRepository.go:171.19,172.52 1 0
github.com/turtacn/cbc/internal/domain/repository/mocks/TenantRepository.go:175.2,177.86 3 0
github.com/turtacn/cbc/internal/domain/repository/mocks/TenantRepository.go:177.86,179.3 1 0
github.com/turtacn/cbc/internal/domain/repository/mocks/TenantRepository.go:180.2,180.77 1 0
github.com/turtacn/cbc/internal/domain/repository/mocks/TenantRepository.go:180.77,182.3 1 0
github.com/turtacn/cbc/internal/domain/repository/mocks/TenantRepository.go:182.8,183.24 1 0
github.com/turtacn/cbc/internal/domain/repository/mocks/TenantRepository.go:183.24,185.4 1 0
github.com/turtacn/cbc/internal/domain/repository/mocks/TenantRepository.go:188.2,188.68 1 0
github.com/turtacn/cbc/internal/domain/repository/mocks/TenantRepository.go:188.68,190.3 1 0
github.com/turtacn/cbc/internal/domain/repository/mocks/TenantRepository.go:190.8,192.3 1 0
github.com/turtacn/cbc/internal/domain/repository/mocks/TenantRepository.go:194.2,194.15 1 0
github.com/turtacn/cbc/internal/domain/repository/mocks/TenantRepository.go:198.99,201.19 2 0
github.com/turtacn/cbc/internal/domain/repository/mocks/TenantRepository.go:201.19,202.55 1 0
github.com/turtacn/cbc/internal/domain/repository/mocks/TenantRepository.go:205.2,207.89 3 0
github.com/turtacn/cbc/internal/domain/repository/mocks/TenantRepository.go:207.89,209.3 1 0
github.com/turtacn/cbc/internal/domain/repository/mocks/TenantRepository.go:210.2,210.80 1 0
github.com/turtacn/cbc/internal/domain/repository/mocks/TenantRepository.go:210.80,212.3 1 0
github.com/turtacn/cbc/internal/domain/repository/mocks/TenantRepository.go:212.8,213.24 1 0
github.com/turtacn/cbc/internal/domain/repository/mocks/TenantRepository.go:213.24,215.4 1 0
github.com/turtacn/cbc/internal/domain/repository/mocks/TenantRepository.go:218.2,218.60 1 0
github.com/turtacn/cbc/internal/domain/repository/mocks/TenantRepository.go:218.60,220.3 1 0
github.com/turtacn/cbc/internal/domain/repository/mocks/TenantRepository.go:220.8,222.3 1 0
github.com/turtacn/cbc/internal/domain/repository/mocks/TenantRepository.go:224.2,224.15 1 0
github.com/turtacn/cbc/internal/domain/repository/mocks/TenantRepository.go:228.119,231.19 2 0
github.com/turtacn/cbc/internal/domain/repository/mocks/TenantRepository.go:231.19,232.58 1 0
github.com/turtacn/cbc/internal/domain/repository/mocks/TenantRepository.go:235.2,237.97 3 0
github.com/turtacn/cbc/internal/domain/repository/mocks/TenantRepository.go:237.97,239.3 1 0
github.com/turtacn/cbc/internal/domain/repository/mocks/TenantRepository.go:240.2,240.88 1 0
github.com/turtacn/cbc/internal/domain/repository/mocks/TenantRepository.go:240.88,242.3 1 0
github.com/turtacn/cbc/internal/domain/repository/mocks/TenantRepository.go:242.8,243.24 1 0
github.com/turtacn/cbc/internal/domain/repository/mocks/TenantRepository.go:243.24,245.4 1 0
github.com/turtacn/cbc/internal/domain/repository/mocks/TenantRepository.go:248.2,248.68 1 0
github.com/turtacn/cbc/internal/domain/repository/mocks/TenantRepository.go:248.68,250.3 1 0
github.com/turtacn/cbc/internal/domain/repository/mocks/TenantRepository.go:250.8,252.3 1 0
github.com/turtacn/cbc/internal/domain/repository/mocks/TenantRepository.go:254.2,254.15 1 0
github.com/turtacn/cbc/internal/domain/repository/mocks/TenantRepository.go:258.108,261.19 2 0
github.com/turtacn/cbc/internal/domain/repository/mocks/TenantRepository.go:261.19,262.63 1 0
github.com/turtacn/cbc/internal/domain/repository/mocks/TenantRepository.go:265.2,266.75 2 0
github.com/turtacn/cbc/internal/domain/repository/mocks/TenantRepository.go:266.75,268.3 1 0
github.com/turtacn/cbc/internal/domain/repository/mocks/TenantRepository.go:268.8,270.3 1 0
github.com/turtacn/cbc/internal/domain/repository/mocks/TenantRepository.go:272.2,272.11 1 0
github.com/turtacn/cbc/internal/domain/repository/mocks/TenantRepository.go:276.84,279.19 2 0
github.com/turtacn/cbc/internal/domain/repository/mocks/TenantRepository.go:279.19,280.46 1 0
github.com/turtacn/cbc/internal/domain/repository/mocks/TenantRepository.go:283.2,284.76 2 0
github.com/turtacn/cbc/internal/domain/repository/mocks/TenantRepository.go:284.76,286.3 1 0
github.com/turtacn/cbc/internal/domain/repository/mocks/TenantRepository.go:286.8,288.3 1 0
github.com/turtacn/cbc/internal/domain/repository/mocks/TenantRepository.go:290.2,290.11 1 0
github.com/turtacn/cbc/internal/domain/repository/mocks/TenantRepository.go:294.86,297.19 2 0
github.com/turtacn/cbc/internal/domain/repository/mocks/TenantRepository.go:297.19,298.48 1 0
github.com/turtacn/cbc/internal/domain/repository/mocks/TenantRepository.go:301.2,302.76 2 0
github.com/turtacn/cbc/internal/domain/repository/mocks/TenantRepository.go:302.76,304.3 1 0
github.com/turtacn/cbc/internal/domain/repository/mocks/TenantRepository.go:304.8,306.3 1 0
github.com/turtacn/cbc/internal/domain/repository/mocks/TenantRepository.go:308.2,308.11 1 0
github.com/turtacn/cbc/internal/domain/repository/mocks/TenantRepository.go:312.131,315.19 2 0
github.com/turtacn/cbc/internal/domain/repository/mocks/TenantRepository.go:315.19,316.65 1 0
github.com/turtacn/cbc/internal/domain/repository/mocks/TenantRepository.go:319.2,320.95 2 0
github.com/turtacn/cbc/internal/domain/repository/mocks/TenantRepository.go:320.95,322.3 1 0
github.com/turtacn/cbc/internal/domain/repository/mocks/TenantRepository.go:322.8,324.3 1 0
github.com/turtacn/cbc/internal/domain/repository/mocks/TenantRepository.go:326.2,326.11 1 0
github.com/turtacn/cbc/internal/domain/repository/mocks/TenantRepository.go:330.120,333.19 2 0
github.com/turtacn/cbc/internal/domain/repository/mocks/TenantRepository.go:333.19,334.62 1 0
github.com/turtacn/cbc/internal/domain/repository/mocks/TenantRepository.go:337.2,338.79 2 0
github.com/turtacn/cbc/internal/domain/repository/mocks/TenantRepository.go:338.79,340.3 1 0
github.com/turtacn/cbc/internal/domain/repository/mocks/TenantRepository.go:340.8,342.3 1 0
github.com/turtacn/cbc/internal/domain/repository/mocks/TenantRepository.go:344.2,344.11 1 0
github.com/turtacn/cbc/internal/domain/repository/mocks/TenantRepository.go:348.127,351.19 2 0
github.com/turtacn/cbc/internal/domain/repository/mocks/TenantRepository.go:351.19,352.63 1 0
github.com/turtacn/cbc/internal/domain/repository/mocks/TenantRepository.go:355.2,356.93 2 0
github.com/turtacn/cbc/internal/domain/repository/mocks/TenantRepository.go:356.93,358.3 1 0
github.com/turtacn/cbc/internal/domain/repository/mocks/TenantRepository.go:358.8,360.3 1 0
github.com/turtacn/cbc/internal/domain/repository/mocks/TenantRepository.go:362.2,362.11 1 0
github.com/turtacn/cbc/internal/domain/repository/mocks/TenantRepository.go:366.117,369.19 2 0
github.com/turtacn/cbc/internal/domain/repository/mocks/TenantRepository.go:369.19,370.54 1 0
github.com/turtacn/cbc/internal/domain/repository/mocks/TenantRepository.go:373.2,374.92 2 0
github.com/turtacn/cbc/internal/domain/repository/mocks/TenantRepository.go:374.92,376.3 1 0
github.com/turtacn/cbc/internal/domain/repository/mocks/TenantRepository.go:376.8,378.3 1 0
github.com/turtacn/cbc/internal/domain/repository/mocks/TenantRepository.go:380.2,380.11 1 0
github.com/turtacn/cbc/internal/domain/repository/mocks/TenantRepository.go:384.125,387.19 2 0
github.com/turtacn/cbc/internal/domain/repository/mocks/TenantRepository.go:387.19,388.62 1 0
github.com/turtacn/cbc/internal/domain/repository/mocks/TenantRepository.go:391.2,392.92 2 0
github.com/turtacn/cbc/internal/domain/repository/mocks/TenantRepository.go:392.92,394.3 1 0
github.com/turtacn/cbc/internal/domain/repository/mocks/TenantRepository.go:394.8,396.3 1 0
github.com/turtacn/cbc/internal/domain/repository/mocks/TenantRepository.go:398.2,398.11 1 0
github.com/turtacn/cbc/internal/domain/repository/mocks/TenantRepository.go:406.22,410.19 3 0
github.com/turtacn/cbc/internal/domain/repository/mocks/TenantRepository.go:410.19,410.49 1 0
github.com/turtacn/cbc/internal/domain/repository/mocks/TenantRepository.go:412.2,412.13 1 0
github.com/turtacn/cbc/internal/domain/repository/mocks/risk_repository.go:18.121,21.19 2 0
github.com/turtacn/cbc/internal/domain/repository/mocks/risk_repository.go:21.19,22.62 1 0
github.com/turtacn/cbc/internal/domain/repository/mocks/risk_repository.go:25.2,27.97 3 0
github.com/turtacn/cbc/internal/domain/repository/mocks/risk_repository.go:27.97,29.3 1 0
github.com/turtacn/cbc/internal/domain/repository/mocks/risk_repository.go:30.2,30.88 1 0
github.com/turtacn/cbc/internal/domain/repository/mocks/risk_repository.go:30.88,32.3 1 0
github.com/turtacn/cbc/internal/domain/repository/mocks/risk_repository.go:32.8,33.24 1 0
github.com/turtacn/cbc/internal/domain/repository/mocks/risk_repository.go:33.24,35.4 1 0
github.com/turtacn/cbc/internal/domain/repository/mocks/risk_repository.go:38.2,38.68 1 0
github.com/turtacn/cbc/internal/domain/repository/mocks/risk_repository.go:38.68,40.3 1 0
github.com/turtacn/cbc/internal/domain/repository/mocks/risk_repository.go:40.8,42.3 1 0
github.com/turtacn/cbc/internal/domain/repository/mocks/risk_repository.go:44.2,44.15 1 0
github.com/turtacn/cbc/internal/domain/repository/mocks/risk_repository.go:48.113,51.19 2 0
github.com/turtacn/cbc/internal/domain/repository/mocks/risk_repository.go:51.19,52.65 1 0
github.com/turtacn/cbc/internal/domain/repository/mocks/risk_repository.go:55.2,56.87 2 0
github.com/turtacn/cbc/internal/domain/repository/mocks/risk_repository.go:56.87,58.3 1 0
github.com/turtacn/cbc/internal/domain/repository/mocks/risk_repository.go:58.8,60.3 1 0
github.com/turtacn/cbc/internal/domain/repository/mocks/risk_repository.go:62.2,62.11 1 0
github.com/turtacn/cbc/internal/domain/repository/mocks/risk_repository.go:70.20,74.19 3 0
github.com/turtacn/cbc/internal/domain/repository/mocks/risk_repository.go:74.19,74.49 1 0
github.com/turtacn/cbc/internal/domain/repository/mocks/risk_repository.go:76.2,76.13 1 0
github.com/turtacn/cbc/internal/domain/service/mocks/AuthAppService.go:18.116,21.19 2 0
github.com/turtacn/cbc/internal/domain/service/mocks/AuthAppService.go:21.19,22.57 1 0
github.com/turtacn/cbc/internal/domain/service/mocks/AuthAppService.go:25.2,27.100 3 0
github.com/turtacn/cbc/internal/domain/service/mocks/AuthAppService.go:27.100,29.3 1 0
github.com/turtacn/cbc/internal/domain/service/mocks/AuthAppService.go:30.2,30.91 1 0
github.com/turtacn/cbc/internal/domain/service/mocks/AuthAppService.go:30.91,32.3 1 0
github.com/turtacn/cbc/internal/domain/service/mocks/AuthAppService.go:32.8,33.24 1 0
github.com/turtacn/cbc/internal/domain/service/mocks/AuthAppService.go:33.24,35.4 1 0
github.com/turtacn/cbc/internal/domain/service/mocks/AuthAppService.go:38.2,38.68 1 0
github.com/turtacn/cbc/internal/domain/service/mocks/AuthAppService.go:38.68,40.3 1 0
github.com/turtacn/cbc/internal/domain/service/mocks/AuthAppService.go:40.8,42.3 1 0
github.com/turtacn/cbc/internal/domain/service/mocks/AuthAppService.go:44.2,44.15 1 0
github.com/turtacn/cbc/internal/domain/service/mocks/AuthAppService.go:48.115,51.19 2 0
github.com/turtacn/cbc/internal/domain/service/mocks/AuthAppService.go:51.19,52.52 1 0
github.com/turtacn/cbc/internal/domain/service/mocks/AuthAppService.go:55.2,57.106 3 0
github.com/turtacn/cbc/internal/domain/service/mocks/AuthAppService.go:57.106,59.3 1 0
github.com/turtacn/cbc/internal/domain/service/mocks/AuthAppService.go:60.2,60.97 1 0
github.com/turtacn/cbc/internal/domain/service/mocks/AuthAppService.go:60.97,62.3 1 0
github.com/turtacn/cbc/internal/domain/service/mocks/AuthAppService.go:62.8,63.24 1 0
github.com/turtacn/cbc/internal/domain/service/mocks/AuthAppService.go:63.24,65.4 1 0
github.com/turtacn/cbc/internal/domain/service/mocks/AuthAppService.go:68.2,68.84 1 0
github.com/turtacn/cbc/internal/domain/service/mocks/AuthAppService.go:68.84,70.3 1 0
github.com/turtacn/cbc/internal/domain/service/mocks/AuthAppService.go:70.8,72.3 1 0
github.com/turtacn/cbc/internal/domain/service/mocks/AuthAppService.go:74.2,74.15 1 0
github.com/turtacn/cbc/internal/domain/service/mocks/AuthAppService.go:78.119,81.19 2 0
github.com/turtacn/cbc/internal/domain/service/mocks/AuthAppService.go:81.19,82.54 1 0
github.com/turtacn/cbc/internal/domain/service/mocks/AuthAppService.go:85.2,87.108 3 0
github.com/turtacn/cbc/internal/domain/service/mocks/AuthAppService.go:87.108,89.3 1 0
github.com/turtacn/cbc/internal/domain/service/mocks/AuthAppService.go:90.2,90.99 1 0
github.com/turtacn/cbc/internal/domain/service/mocks/AuthAppService.go:90.99,92.3 1 0
github.com/turtacn/cbc/internal/domain/service/mocks/AuthAppService.go:92.8,93.24 1 0
github.com/turtacn/cbc/internal/domain/service/mocks/AuthAppService.go:93.24,95.4 1 0
github.com/turtacn/cbc/internal/domain/service/mocks/AuthAppService.go:98.2,98.86 1 0
github.com/turtacn/cbc/internal/domain/service/mocks/AuthAppService.go:98.86,100.3 1 0
github.com/turtacn/cbc/internal/domain/service/mocks/AuthAppService.go:100.8,102.3 1 0
github.com/turtacn/cbc/internal/domain/service/mocks/AuthAppService.go:104.2,104.15 1 0
github.com/turtacn/cbc/internal/domain/service/mocks/AuthAppService.go:108.123,111.19 2 0
github.com/turtacn/cbc/internal/domain/service/mocks/AuthAppService.go:111.19,112.56 1 0
github.com/turtacn/cbc/internal/domain/service/mocks/AuthAppService.go:115.2,117.110 3 0
github.com/turtacn/cbc/internal/domain/service/mocks/AuthAppService.go:117.110,119.3 1 0
github.com/turtacn/cbc/internal/domain/service/mocks/AuthAppService.go:120.2,120.101 1 0
github.com/turtacn/cbc/internal/domain/service/mocks/AuthAppService.go:120.101,122.3 1 0
github.com/turtacn/cbc/internal/domain/service/mocks/AuthAppService.go:122.8,123.24 1 0
github.com/turtacn/cbc/internal/domain/service/mocks/AuthAppService.go:123.24,125.4 1 0
github.com/turtacn/cbc/internal/domain/service/mocks/AuthAppService.go:128.2,128.88 1 0
github.com/turtacn/cbc/internal/domain/service/mocks/AuthAppService.go:128.88,130.3 1 0
github.com/turtacn/cbc/internal/domain/service/mocks/AuthAppService.go:130.8,132.3 1 0
github.com/turtacn/cbc/internal/domain/service/mocks/AuthAppService.go:134.2,134.15 1 0
github.com/turtacn/cbc/internal/domain/service/mocks/AuthAppService.go:138.95,141.19 2 0
github.com/turtacn/cbc/internal/domain/service/mocks/AuthAppService.go:141.19,142.53 1 0
github.com/turtacn/cbc/internal/domain/service/mocks/AuthAppService.go:145.2,146.85 2 0
github.com/turtacn/cbc/internal/domain/service/mocks/AuthAppService.go:146.85,148.3 1 0
github.com/turtacn/cbc/internal/domain/service/mocks/AuthAppService.go:148.8,150.3 1 0
github.com/turtacn/cbc/internal/domain/service/mocks/AuthAppService.go:152.2,152.11 1 0
github.com/turtacn/cbc/internal/domain/service/mocks/AuthAppService.go:160.20,164.19 3 0
github.com/turtacn/cbc/internal/domain/service/mocks/AuthAppService.go:164.19,164.49 1 0
github.com/turtacn/cbc/internal/domain/service/mocks/AuthAppService.go:166.2,166.13 1 0
github.com/turtacn/cbc/internal/domain/service/mocks/DeviceAppService.go:21.104,24.19 2 0
github.com/turtacn/cbc/internal/domain/service/mocks/DeviceAppService.go:24.19,25.58 1 0
github.com/turtacn/cbc/internal/domain/service/mocks/DeviceAppService.go:28.2,29.76 2 0
github.com/turtacn/cbc/internal/domain/service/mocks/DeviceAppService.go:29.76,31.3 1 0
github.com/turtacn/cbc/internal/domain/service/mocks/DeviceAppService.go:31.8,33.3 1 0
github.com/turtacn/cbc/internal/domain/service/mocks/DeviceAppService.go:35.2,35.11 1 0
github.com/turtacn/cbc/internal/domain/service/mocks/DeviceAppService.go:39.109,42.19 2 0
github.com/turtacn/cbc/internal/domain/service/mocks/DeviceAppService.go:42.19,43.55 1 0
github.com/turtacn/cbc/internal/domain/service/mocks/DeviceAppService.go:46.2,48.91 3 0
github.com/turtacn/cbc/internal/domain/service/mocks/DeviceAppService.go:48.91,50.3 1 0
github.com/turtacn/cbc/internal/domain/service/mocks/DeviceAppService.go:51.2,51.82 1 0
github.com/turtacn/cbc/internal/domain/service/mocks/DeviceAppService.go:51.82,53.3 1 0
github.com/turtacn/cbc/internal/domain/service/mocks/DeviceAppService.go:53.8,54.24 1 0
github.com/turtacn/cbc/internal/domain/service/mocks/DeviceAppService.go:54.24,56.4 1 0
github.com/turtacn/cbc/internal/domain/service/mocks/DeviceAppService.go:59.2,59.68 1 0
github.com/turtacn/cbc/internal/domain/service/mocks/DeviceAppService.go:59.68,61.3 1 0
github.com/turtacn/cbc/internal/domain/service/mocks/DeviceAppService.go:61.8,63.3 1 0
github.com/turtacn/cbc/internal/domain/service/mocks/DeviceAppService.go:65.2,65.15 1 0
github.com/turtacn/cbc/internal/domain/service/mocks/DeviceAppService.go:69.149,72.19 2 0
github.com/turtacn/cbc/internal/domain/service/mocks/DeviceAppService.go:72.19,73.61 1 0
github.com/turtacn/cbc/internal/domain/service/mocks/DeviceAppService.go:76.2,79.110 4 0
github.com/turtacn/cbc/internal/domain/service/mocks/DeviceAppService.go:79.110,81.3 1 0
github.com/turtacn/cbc/internal/domain/service/mocks/DeviceAppService.go:82.2,82.94 1 0
github.com/turtacn/cbc/internal/domain/service/mocks/DeviceAppService.go:82.94,84.3 1 0
github.com/turtacn/cbc/internal/domain/service/mocks/DeviceAppService.go:84.8,85.24 1 0
github.com/turtacn/cbc/internal/domain/service/mocks/DeviceAppService.go:85.24,87.4 1 0
github.com/turtacn/cbc/internal/domain/service/mocks/DeviceAppService.go:90.2,90.78 1 0
github.com/turtacn/cbc/internal/domain/service/mocks/DeviceAppService.go:90.78,92.3 1 0
github.com/turtacn/cbc/internal/domain/service/mocks/DeviceAppService.go:92.8,94.3 1 0
github.com/turtacn/cbc/internal/domain/service/mocks/DeviceAppService.go:96.2,96.78 1 0
github.com/turtacn/cbc/internal/domain/service/mocks/DeviceAppService.go:96.78,98.3 1 0
github.com/turtacn/cbc/internal/domain/service/mocks/DeviceAppService.go:98.8,100.3 1 0
github.com/turtacn/cbc/internal/domain/service/mocks/DeviceAppService.go:102.2,102.19 1 0
github.com/turtacn/cbc/internal/domain/service/mocks/DeviceAppService.go:106.126,109.19 2 0
github.com/turtacn/cbc/internal/domain/service/mocks/DeviceAppService.go:109.19,110.56 1 0
github.com/turtacn/cbc/internal/domain/service/mocks/DeviceAppService.go:113.2,115.111 3 0
github.com/turtacn/cbc/internal/domain/service/mocks/DeviceAppService.go:115.111,117.3 1 0
github.com/turtacn/cbc/internal/domain/service/mocks/DeviceAppService.go:118.2,118.102 1 0
github.com/turtacn/cbc/internal/domain/service/mocks/DeviceAppService.go:118.102,120.3 1 0
github.com/turtacn/cbc/internal/domain/service/mocks/DeviceAppService.go:120.8,121.24 1 0
github.com/turtacn/cbc/internal/domain/service/mocks/DeviceAppService.go:121.24,123.4 1 0
github.com/turtacn/cbc/internal/domain/service/mocks/DeviceAppService.go:126.2,126.88 1 0
github.com/turtacn/cbc/internal/domain/service/mocks/DeviceAppService.go:126.88,128.3 1 0
github.com/turtacn/cbc/internal/domain/service/mocks/DeviceAppService.go:128.8,130.3 1 0
github.com/turtacn/cbc/internal/domain/service/mocks/DeviceAppService.go:132.2,132.15 1 0
github.com/turtacn/cbc/internal/domain/service/mocks/DeviceAppService.go:136.142,139.19 2 0
github.com/turtacn/cbc/internal/domain/service/mocks/DeviceAppService.go:139.19,140.58 1 0
github.com/turtacn/cbc/internal/domain/service/mocks/DeviceAppService.go:143.2,145.117 3 0
github.com/turtacn/cbc/internal/domain/service/mocks/DeviceAppService.go:145.117,147.3 1 0
github.com/turtacn/cbc/internal/domain/service/mocks/DeviceAppService.go:148.2,148.108 1 0
github.com/turtacn/cbc/internal/domain/service/mocks/DeviceAppService.go:148.108,150.3 1 0
github.com/turtacn/cbc/internal/domain/service/mocks/DeviceAppService.go:150.8,151.24 1 0
github.com/turtacn/cbc/internal/domain/service/mocks/DeviceAppService.go:151.24,153.4 1 0
github.com/turtacn/cbc/internal/domain/service/mocks/DeviceAppService.go:156.2,156.94 1 0
github.com/turtacn/cbc/internal/domain/service/mocks/DeviceAppService.go:156.94,158.3 1 0
github.com/turtacn/cbc/internal/domain/service/mocks/DeviceAppService.go:158.8,160.3 1 0
github.com/turtacn/cbc/internal/domain/service/mocks/DeviceAppService.go:162.2,162.15 1 0
github.com/turtacn/cbc/internal/domain/service/mocks/DeviceAppService.go:166.128,169.19 2 0
github.com/turtacn/cbc/internal/domain/service/mocks/DeviceAppService.go:169.19,170.64 1 0
github.com/turtacn/cbc/internal/domain/service/mocks/DeviceAppService.go:173.2,174.90 2 0
github.com/turtacn/cbc/internal/domain/service/mocks/DeviceAppService.go:174.90,176.3 1 0
github.com/turtacn/cbc/internal/domain/service/mocks/DeviceAppService.go:176.8,178.3 1 0
github.com/turtacn/cbc/internal/domain/service/mocks/DeviceAppService.go:180.2,180.11 1 0
github.com/turtacn/cbc/internal/domain/service/mocks/DeviceAppService.go:184.124,187.19 2 0
github.com/turtacn/cbc/internal/domain/service/mocks/DeviceAppService.go:187.19,188.65 1 0
github.com/turtacn/cbc/internal/domain/service/mocks/DeviceAppService.go:191.2,193.84 3 0
github.com/turtacn/cbc/internal/domain/service/mocks/DeviceAppService.go:193.84,195.3 1 0
github.com/turtacn/cbc/internal/domain/service/mocks/DeviceAppService.go:196.2,196.75 1 0
github.com/turtacn/cbc/internal/domain/service/mocks/DeviceAppService.go:196.75,198.3 1 0
github.com/turtacn/cbc/internal/domain/service/mocks/DeviceAppService.go:198.8,200.3 1 0
github.com/turtacn/cbc/internal/domain/service/mocks/DeviceAppService.go:202.2,202.76 1 0
github.com/turtacn/cbc/internal/domain/service/mocks/DeviceAppService.go:202.76,204.3 1 0
github.com/turtacn/cbc/internal/domain/service/mocks/DeviceAppService.go:204.8,206.3 1 0
github.com/turtacn/cbc/internal/domain/service/mocks/DeviceAppService.go:208.2,208.15 1 0
github.com/turtacn/cbc/internal/domain/service/mocks/DeviceAppService.go:216.22,220.19 3 0
github.com/turtacn/cbc/internal/domain/service/mocks/DeviceAppService.go:220.19,220.49 1 0
github.com/turtacn/cbc/internal/domain/service/mocks/DeviceAppService.go:222.2,222.13 1 0
github.com/turtacn/cbc/internal/domain/service/mocks/HTTPMetrics.go:19.110,21.2 1 0
github.com/turtacn/cbc/internal/domain/service/mocks/HTTPMetrics.go:24.90,26.2 1 0
github.com/turtacn/cbc/internal/domain/service/mocks/HTTPMetrics.go:29.78,31.2 1 0
github.com/turtacn/cbc/internal/domain/service/mocks/HTTPMetrics.go:38.17,42.19 3 0
github.com/turtacn/cbc/internal/domain/service/mocks/HTTPMetrics.go:42.19,42.49 1 0
github.com/turtacn/cbc/internal/domain/service/mocks/HTTPMetrics.go:44.2,44.13 1 0
github.com/turtacn/cbc/internal/domain/service/mocks/KeyLifecycleRegistry.go:18.92,21.19 2 0
github.com/turtacn/cbc/internal/domain/service/mocks/KeyLifecycleRegistry.go:21.19,22.50 1 0
github.com/turtacn/cbc/internal/domain/service/mocks/KeyLifecycleRegistry.go:25.2,26.77 2 0
github.com/turtacn/cbc/internal/domain/service/mocks/KeyLifecycleRegistry.go:26.77,28.3 1 0
github.com/turtacn/cbc/internal/domain/service/mocks/KeyLifecycleRegistry.go:28.8,30.3 1 0
github.com/turtacn/cbc/internal/domain/service/mocks/KeyLifecycleRegistry.go:32.2,32.11 1 0
github.com/turtacn/cbc/internal/domain/service/mocks/KeyLifecycleRegistry.go:40.26,44.19 3 0
github.com/turtacn/cbc/internal/domain/service/mocks/KeyLifecycleRegistry.go:44.19,44.49 1 0
github.com/turtacn/cbc/internal/domain/service/mocks/KeyLifecycleRegistry.go:46.2,46.13 1 0
github.com/turtacn/cbc/internal/domain/service/mocks/KeyManagementService.go:22.154,25.19 2 0
github.com/turtacn/cbc/internal/domain/service/mocks/KeyManagementService.go:25.19,26.55 1 0
github.com/turtacn/cbc/internal/domain/service/mocks/KeyManagementService.go:29.2,30.109 2 0
github.com/turtacn/cbc/internal/domain/service/mocks/KeyManagementService.go:30.109,32.3 1 0
github.com/turtacn/cbc/internal/domain/service/mocks/KeyManagementService.go:32.8,34.3 1 0
github.com/turtacn/cbc/internal/domain/service/mocks/KeyManagementService.go:36.2,36.11 1 0
github.com/turtacn/cbc/internal/domain/service/mocks/KeyManagementService.go:40.126,43.19 2 0
github.com/turtacn/cbc/internal/domain/service/mocks/KeyManagementService.go:43.19,44.53 1 0
github.com/turtacn/cbc/internal/domain/service/mocks/KeyManagementService.go:47.2,50.98 4 0
github.com/turtacn/cbc/internal/domain/service/mocks/KeyManagementService.go:50.98,52.3 1 0
github.com/turtacn/cbc/internal/domain/service/mocks/KeyManagementService.go:53.2,53.81 1 0
github.com/turtacn/cbc/internal/domain/service/mocks/KeyManagementService.go:53.81,55.3 1 0
github.com/turtacn/cbc/internal/domain/service/mocks/KeyManagementService.go:55.8,57.3 1 0
github.com/turtacn/cbc/internal/domain/service/mocks/KeyManagementService.go:59.2,59.81 1 0
github.com/turtacn/cbc/internal/domain/service/mocks/KeyManagementService.go:59.81,61.3 1 0
github.com/turtacn/cbc/internal/domain/service/mocks/KeyManagementService.go:61.8,63.3 1 0
github.com/turtacn/cbc/internal/domain/service/mocks/KeyManagementService.go:65.2,65.80 1 0
github.com/turtacn/cbc/internal/domain/service/mocks/KeyManagementService.go:65.80,67.3 1 0
github.com/turtacn/cbc/internal/domain/service/mocks/KeyManagementService.go:67.8,69.3 1 0
github.com/turtacn/cbc/internal/domain/service/mocks/KeyManagementService.go:71.2,71.19 1 0
github.com/turtacn/cbc/internal/domain/service/mocks/KeyManagementService.go:75.126,78.19 2 0
github.com/turtacn/cbc/internal/domain/service/mocks/KeyManagementService.go:78.19,79.61 1 0
github.com/turtacn/cbc/internal/domain/service/mocks/KeyManagementService.go:82.2,84.97 3 0
github.com/turtacn/cbc/internal/domain/service/mocks/KeyManagementService.go:84.97,86.3 1 0
github.com/turtacn/cbc/internal/domain/service/mocks/KeyManagementService.go:87.2,87.88 1 0
github.com/turtacn/cbc/internal/domain/service/mocks/KeyManagementService.go:87.88,89.3 1 0
github.com/turtacn/cbc/internal/domain/service/mocks/KeyManagementService.go:89.8,90.24 1 0
github.com/turtacn/cbc/internal/domain/service/mocks/KeyManagementService.go:90.24,92.4 1 0
github.com/turtacn/cbc/internal/domain/service/mocks/KeyManagementService.go:95.2,95.68 1 0
github.com/turtacn/cbc/internal/domain/service/mocks/KeyManagementService.go:95.68,97.3 1 0
github.com/turtacn/cbc/internal/domain/service/mocks/KeyManagementService.go:97.8,99.3 1 0
github.com/turtacn/cbc/internal/domain/service/mocks/KeyManagementService.go:101.2,101.15 1 0
github.com/turtacn/cbc/internal/domain/service/mocks/KeyManagementService.go:105.139,108.19 2 0
github.com/turtacn/cbc/internal/domain/service/mocks/KeyManagementService.go:108.19,109.57 1 0
github.com/turtacn/cbc/internal/domain/service/mocks/KeyManagementService.go:112.2,114.103 3 0
github.com/turtacn/cbc/internal/domain/service/mocks/KeyManagementService.go:114.103,116.3 1 0
github.com/turtacn/cbc/internal/domain/service/mocks/KeyManagementService.go:117.2,117.94 1 0
github.com/turtacn/cbc/internal/domain/service/mocks/KeyManagementService.go:117.94,119.3 1 0
github.com/turtacn/cbc/internal/domain/service/mocks/KeyManagementService.go:119.8,121.3 1 0
github.com/turtacn/cbc/internal/domain/service/mocks/KeyManagementService.go:123.2,123.93 1 0
github.com/turtacn/cbc/internal/domain/service/mocks/KeyManagementService.go:123.93,125.3 1 0
github.com/turtacn/cbc/internal/domain/service/mocks/KeyManagementService.go:125.8,127.3 1 0
github.com/turtacn/cbc/internal/domain/service/mocks/KeyManagementService.go:129.2,129.15 1 0
github.com/turtacn/cbc/internal/domain/service/mocks/KeyManagementService.go:133.124,136.19 2 0
github.com/turtacn/cbc/internal/domain/service/mocks/KeyManagementService.go:136.19,137.51 1 0
github.com/turtacn/cbc/internal/domain/service/mocks/KeyManagementService.go:140.2,142.93 3 0
github.com/turtacn/cbc/internal/domain/service/mocks/KeyManagementService.go:142.93,144.3 1 0
github.com/turtacn/cbc/internal/domain/service/mocks/KeyManagementService.go:145.2,145.84 1 0
github.com/turtacn/cbc/internal/domain/service/mocks/KeyManagementService.go:145.84,147.3 1 0
github.com/turtacn/cbc/internal/domain/service/mocks/KeyManagementService.go:147.8,148.24 1 0
github.com/turtacn/cbc/internal/domain/service/mocks/KeyManagementService.go:148.24,150.4 1 0
github.com/turtacn/cbc/internal/domain/service/mocks/KeyManagementService.go:153.2,153.76 1 0
github.com/turtacn/cbc/internal/domain/service/mocks/KeyManagementService.go:153.76,155.3 1 0
github.com/turtacn/cbc/internal/domain/service/mocks/KeyManagementService.go:155.8,157.3 1 0
github.com/turtacn/cbc/internal/domain/service/mocks/KeyManagementService.go:159.2,159.15 1 0
github.com/turtacn/cbc/internal/domain/service/mocks/KeyManagementService.go:167.26,171.19 3 0
github.com/turtacn/cbc/internal/domain/service/mocks/KeyManagementService.go:171.19,171.49 1 0
github.com/turtacn/cbc/internal/domain/service/mocks/KeyManagementService.go:173.2,173.13 1 0
github.com/turtacn/cbc/internal/domain/service/mocks/KeyProvider.go:20.88,23.19 2 0
github.com/turtacn/cbc/internal/domain/service/mocks/KeyProvider.go:23.19,24.48 1 0
github.com/turtacn/cbc/internal/domain/service/mocks/KeyProvider.go:27.2,29.78 3 0
github.com/turtacn/cbc/internal/domain/service/mocks/KeyProvider.go:29.78,31.3 1 0
github.com/turtacn/cbc/internal/domain/service/mocks/KeyProvider.go:32.2,32.69 1 0
github.com/turtacn/cbc/internal/domain/service/mocks/KeyProvider.go:32.69,34.3 1 0
github.com/turtacn/cbc/internal/domain/service/mocks/KeyProvider.go:34.8,35.24 1 0
github.com/turtacn/cbc/internal/domain/service/mocks/KeyProvider.go:35.24,37.4 1 0
github.com/turtacn/cbc/internal/domain/service/mocks/KeyProvider.go:40.2,40.68 1 0
github.com/turtacn/cbc/internal/domain/service/mocks/KeyProvider.go:40.68,42.3 1 0
github.com/turtacn/cbc/internal/domain/service/mocks/KeyProvider.go:42.8,44.3 1 0
github.com/turtacn/cbc/internal/domain/service/mocks/KeyProvider.go:46.2,46.15 1 0
github.com/turtacn/cbc/internal/domain/service/mocks/KeyProvider.go:50.121,53.19 2 0
github.com/turtacn/cbc/internal/domain/service/mocks/KeyProvider.go:53.19,54.53 1 0
github.com/turtacn/cbc/internal/domain/service/mocks/KeyProvider.go:57.2,61.110 5 0
github.com/turtacn/cbc/internal/domain/service/mocks/KeyProvider.go:61.110,63.3 1 0
github.com/turtacn/cbc/internal/domain/service/mocks/KeyProvider.go:64.2,64.77 1 0
github.com/turtacn/cbc/internal/domain/service/mocks/KeyProvider.go:64.77,66.3 1 0
github.com/turtacn/cbc/internal/domain/service/mocks/KeyProvider.go:66.8,68.3 1 0
github.com/turtacn/cbc/internal/domain/service/mocks/KeyProvider.go:70.2,70.77 1 0
github.com/turtacn/cbc/internal/domain/service/mocks/KeyProvider.go:70.77,72.3 1 0
github.com/turtacn/cbc/internal/domain/service/mocks/KeyProvider.go:72.8,74.3 1 0
github.com/turtacn/cbc/internal/domain/service/mocks/KeyProvider.go:76.2,76.85 1 0
github.com/turtacn/cbc/internal/domain/service/mocks/KeyProvider.go:76.85,78.3 1 0
github.com/turtacn/cbc/internal/domain/service/mocks/KeyProvider.go:78.8,79.24 1 0
github.com/turtacn/cbc/internal/domain/service/mocks/KeyProvider.go:79.24,81.4 1 0
github.com/turtacn/cbc/internal/domain/service/mocks/KeyProvider.go:84.2,84.76 1 0
github.com/turtacn/cbc/internal/domain/service/mocks/KeyProvider.go:84.76,86.3 1 0
github.com/turtacn/cbc/internal/domain/service/mocks/KeyProvider.go:86.8,88.3 1 0
github.com/turtacn/cbc/internal/domain/service/mocks/KeyProvider.go:90.2,90.23 1 0
github.com/turtacn/cbc/internal/domain/service/mocks/KeyProvider.go:94.102,97.19 2 0
github.com/turtacn/cbc/internal/domain/service/mocks/KeyProvider.go:97.19,98.54 1 0
github.com/turtacn/cbc/internal/domain/service/mocks/KeyProvider.go:101.2,103.86 3 0
github.com/turtacn/cbc/internal/domain/service/mocks/KeyProvider.go:103.86,105.3 1 0
github.com/turtacn/cbc/internal/domain/service/mocks/KeyProvider.go:106.2,106.77 1 0
github.com/turtacn/cbc/internal/domain/service/mocks/KeyProvider.go:106.77,108.3 1 0
github.com/turtacn/cbc/internal/domain/service/mocks/KeyProvider.go:108.8,109.24 1 0
github.com/turtacn/cbc/internal/domain/service/mocks/KeyProvider.go:109.24,111.4 1 0
github.com/turtacn/cbc/internal/domain/service/mocks/KeyProvider.go:114.2,114.68 1 0
github.com/turtacn/cbc/internal/domain/service/mocks/KeyProvider.go:114.68,116.3 1 0
github.com/turtacn/cbc/internal/domain/service/mocks/KeyProvider.go:116.8,118.3 1 0
github.com/turtacn/cbc/internal/domain/service/mocks/KeyProvider.go:120.2,120.15 1 0
github.com/turtacn/cbc/internal/domain/service/mocks/KeyProvider.go:124.91,127.19 2 0
github.com/turtacn/cbc/internal/domain/service/mocks/KeyProvider.go:127.19,128.49 1 0
github.com/turtacn/cbc/internal/domain/service/mocks/KeyProvider.go:131.2,133.78 3 0
[...]
github.com/turtacn/cbc/pkg/utils/validator.go:731.2,731.23 1 0
github.com/turtacn/cbc/pkg/utils/validator.go:731.23,737.3 1 0
github.com/turtacn/cbc/pkg/utils/validator.go:740.2,740.25 1 0
github.com/turtacn/cbc/pkg/utils/validator.go:740.25,746.3 1 0
github.com/turtacn/cbc/pkg/utils/validator.go:749.2,751.29 2 0
github.com/turtacn/cbc/pkg/utils/validator.go:751.29,752.10 1 0
github.com/turtacn/cbc/pkg/utils/validator.go:753.27,754.19 1 0
github.com/turtacn/cbc/pkg/utils/validator.go:755.27,756.19 1 0
github.com/turtacn/cbc/pkg/utils/validator.go:757.27,758.19 1 0
github.com/turtacn/cbc/pkg/utils/validator.go:759.50,760.21 1 0
github.com/turtacn/cbc/pkg/utils/validator.go:764.2,764.56 1 0
github.com/turtacn/cbc/pkg/utils/validator.go:764.56,770.3 1 0
github.com/turtacn/cbc/pkg/utils/validator.go:772.2,772.12 1 0
github.com/turtacn/cbc/pkg/utils/validator.go:776.66,777.23 1 0
github.com/turtacn/cbc/pkg/utils/validator.go:777.23,779.3 1 0
github.com/turtacn/cbc/pkg/utils/validator.go:781.2,783.29 2 0
github.com/turtacn/cbc/pkg/utils/validator.go:783.29,784.10 1 0
github.com/turtacn/cbc/pkg/utils/validator.go:785.27,786.19 1 0
github.com/turtacn/cbc/pkg/utils/validator.go:787.27,788.19 1 0
github.com/turtacn/cbc/pkg/utils/validator.go:789.27,790.19 1 0
github.com/turtacn/cbc/pkg/utils/validator.go:791.50,792.21 1 0
github.com/turtacn/cbc/pkg/utils/validator.go:796.2,797.14 2 0
github.com/turtacn/cbc/pkg/utils/validator.go:797.14,799.3 1 0
github.com/turtacn/cbc/pkg/utils/validator.go:800.2,800.14 1 0
github.com/turtacn/cbc/pkg/utils/validator.go:800.14,802.3 1 0
github.com/turtacn/cbc/pkg/utils/validator.go:803.2,803.14 1 0
github.com/turtacn/cbc/pkg/utils/validator.go:803.14,805.3 1 0
github.com/turtacn/cbc/pkg/utils/validator.go:806.2,806.16 1 0
github.com/turtacn/cbc/pkg/utils/validator.go:806.16,808.3 1 0
github.com/turtacn/cbc/pkg/utils/validator.go:809.2,809.25 1 0
github.com/turtacn/cbc/pkg/utils/validator.go:809.25,811.3 1 0
github.com/turtacn/cbc/pkg/utils/validator.go:813.2,813.16 1 0
github.com/turtacn/cbc/pkg/utils/validator.go:813.16,815.3 1 0
github.com/turtacn/cbc/pkg/utils/validator.go:815.8,815.23 1 0
github.com/turtacn/cbc/pkg/utils/validator.go:815.23,817.3 1 0
github.com/turtacn/cbc/pkg/utils/validator.go:819.2,819.29 1 0
github.com/turtacn/cbc/pkg/utils/validator.go:824.42,828.2 1 0
github.com/turtacn/cbc/pkg/utils/validator.go:831.58,834.16 3 0
github.com/turtacn/cbc/pkg/utils/validator.go:834.16,836.3 1 0
github.com/turtacn/cbc/pkg/utils/validator.go:837.2,837.54 1 0
github.com/turtacn/cbc/internal/interfaces/http/handlers/auth_handler.go:31.16,37.2 1 1
github.com/turtacn/cbc/internal/interfaces/http/handlers/auth_handler.go:44.50,46.47 2 1
github.com/turtacn/cbc/internal/interfaces/http/handlers/auth_handler.go:46.47,50.3 3 0
github.com/turtacn/cbc/internal/interfaces/http/handlers/auth_handler.go:53.2,53.51 1 1
github.com/turtacn/cbc/internal/interfaces/http/handlers/auth_handler.go:53.51,57.3 3 0
github.com/turtacn/cbc/internal/interfaces/http/handlers/auth_handler.go:60.2,60.69 1 1
github.com/turtacn/cbc/internal/interfaces/http/handlers/auth_handler.go:60.69,62.17 2 0
github.com/turtacn/cbc/internal/interfaces/http/handlers/auth_handler.go:62.17,65.4 2 0
github.com/turtacn/cbc/internal/interfaces/http/handlers/auth_handler.go:66.3,67.9 2 0
github.com/turtacn/cbc/internal/interfaces/http/handlers/auth_handler.go:71.2,72.16 2 1
github.com/turtacn/cbc/internal/interfaces/http/handlers/auth_handler.go:72.16,75.3 2 0
github.com/turtacn/cbc/internal/interfaces/http/handlers/auth_handler.go:77.2,81.33 2 1
github.com/turtacn/cbc/internal/interfaces/http/handlers/auth_handler.go:87.54,89.47 2 0
github.com/turtacn/cbc/internal/interfaces/http/handlers/auth_handler.go:89.47,96.3 6 0
github.com/turtacn/cbc/internal/interfaces/http/handlers/auth_handler.go:99.2,99.51 1 0
github.com/turtacn/cbc/internal/interfaces/http/handlers/auth_handler.go:99.51,103.3 3 0
github.com/turtacn/cbc/internal/interfaces/http/handlers/auth_handler.go:106.2,107.16 2 0
github.com/turtacn/cbc/internal/interfaces/http/handlers/auth_handler.go:107.16,110.3 2 0
github.com/turtacn/cbc/internal/interfaces/http/handlers/auth_handler.go:112.2,117.38 2 0
github.com/turtacn/cbc/internal/interfaces/http/handlers/auth_handler.go:123.52,125.47 2 0
github.com/turtacn/cbc/internal/interfaces/http/handlers/auth_handler.go:125.47,128.3 2 0
github.com/turtacn/cbc/internal/interfaces/http/handlers/auth_handler.go:129.2,129.53 1 0
github.com/turtacn/cbc/internal/interfaces/http/handlers/auth_handler.go:129.53,132.3 2 0
github.com/turtacn/cbc/internal/interfaces/http/handlers/auth_handler.go:134.2,135.16 2 0
github.com/turtacn/cbc/internal/interfaces/http/handlers/auth_handler.go:135.16,138.3 2 0
github.com/turtacn/cbc/internal/interfaces/http/handlers/auth_handler.go:140.2,140.29 1 0
github.com/turtacn/cbc/internal/interfaces/http/handlers/auth_handler.go:146.51,148.47 2 0
github.com/turtacn/cbc/internal/interfaces/http/handlers/auth_handler.go:148.47,151.3 2 0
github.com/turtacn/cbc/internal/interfaces/http/handlers/auth_handler.go:152.2,152.53 1 0
github.com/turtacn/cbc/internal/interfaces/http/handlers/auth_handler.go:152.53,155.3 2 0
github.com/turtacn/cbc/internal/interfaces/http/handlers/auth_handler.go:157.2,157.77 1 0
github.com/turtacn/cbc/internal/interfaces/http/handlers/auth_handler.go:157.77,160.3 2 0
github.com/turtacn/cbc/internal/interfaces/http/handlers/auth_handler.go:162.2,162.41 1 0
github.com/turtacn/cbc/internal/interfaces/http/handlers/auth_handler.go:169.84,171.9 2 0
github.com/turtacn/cbc/internal/interfaces/http/handlers/auth_handler.go:171.9,176.3 3 0
github.com/turtacn/cbc/internal/interfaces/http/handlers/auth_handler.go:178.2,184.57 2 0
github.com/turtacn/cbc/internal/interfaces/http/handlers/device_handler.go:28.18,33.2 1 0
github.com/turtacn/cbc/internal/interfaces/http/handlers/device_handler.go:40.56,42.47 2 0
github.com/turtacn/cbc/internal/interfaces/http/handlers/device_handler.go:42.47,46.3 3 0
github.com/turtacn/cbc/internal/interfaces/http/handlers/device_handler.go:49.2,49.51 1 0
github.com/turtacn/cbc/internal/interfaces/http/handlers/device_handler.go:49.51,53.3 3 0
github.com/turtacn/cbc/internal/interfaces/http/handlers/device_handler.go:56.2,57.16 2 0
github.com/turtacn/cbc/internal/interfaces/http/handlers/device_handler.go:57.16,60.3 2 0
github.com/turtacn/cbc/internal/interfaces/http/handlers/device_handler.go:62.2,67.38 2 0
github.com/turtacn/cbc/internal/interfaces/http/handlers/device_handler.go:73.51,75.20 2 0
github.com/turtacn/cbc/internal/interfaces/http/handlers/device_handler.go:75.20,78.3 2 0
github.com/turtacn/cbc/internal/interfaces/http/handlers/device_handler.go:79.2,80.16 2 0
github.com/turtacn/cbc/internal/interfaces/http/handlers/device_handler.go:80.16,83.3 2 0
github.com/turtacn/cbc/internal/interfaces/http/handlers/device_handler.go:84.2,84.29 1 0
github.com/turtacn/cbc/internal/interfaces/http/handlers/device_handler.go:90.54,93.47 3 0
github.com/turtacn/cbc/internal/interfaces/http/handlers/device_handler.go:93.47,96.3 2 0
github.com/turtacn/cbc/internal/interfaces/http/handlers/device_handler.go:97.2,98.53 2 0
github.com/turtacn/cbc/internal/interfaces/http/handlers/device_handler.go:98.53,101.3 2 0
github.com/turtacn/cbc/internal/interfaces/http/handlers/device_handler.go:102.2,102.97 1 0
github.com/turtacn/cbc/internal/interfaces/http/handlers/device_handler.go:102.97,105.3 2 0
github.com/turtacn/cbc/internal/interfaces/http/handlers/device_handler.go:106.2,106.41 1 0
github.com/turtacn/cbc/internal/interfaces/http/handlers/device_handler.go:113.88,115.9 2 0
github.com/turtacn/cbc/internal/interfaces/http/handlers/device_handler.go:115.9,119.3 3 0
github.com/turtacn/cbc/internal/interfaces/http/handlers/device_handler.go:121.2,126.57 2 0
github.com/turtacn/cbc/internal/interfaces/http/handlers/health_handler.go:29.18,35.2 1 0
github.com/turtacn/cbc/internal/interfaces/http/handlers/health_handler.go:52.56,60.45 5 0
github.com/turtacn/cbc/internal/interfaces/http/handlers/health_handler.go:60.45,63.3 2 0
github.com/turtacn/cbc/internal/interfaces/http/handlers/health_handler.go:63.8,65.3 1 0
github.com/turtacn/cbc/internal/interfaces/http/handlers/health_handler.go:67.2,67.42 1 0
github.com/turtacn/cbc/internal/interfaces/http/handlers/health_handler.go:67.42,70.3 2 0
github.com/turtacn/cbc/internal/interfaces/http/handlers/health_handler.go:70.8,72.3 1 0
github.com/turtacn/cbc/internal/interfaces/http/handlers/health_handler.go:74.2,76.15 3 0
github.com/turtacn/cbc/internal/interfaces/http/handlers/health_handler.go:76.15,79.3 2 0
github.com/turtacn/cbc/internal/interfaces/http/handlers/health_handler.go:81.2,87.30 2 0
github.com/turtacn/cbc/internal/interfaces/http/handlers/health_handler.go:95.55,100.2 1 0
github.com/turtacn/cbc/internal/interfaces/http/handlers/health_handler.go:104.66,105.21 1 0
github.com/turtacn/cbc/internal/interfaces/http/handlers/health_handler.go:105.21,107.3 1 0
github.com/turtacn/cbc/internal/interfaces/http/handlers/health_handler.go:108.2,108.27 1 0
github.com/turtacn/cbc/internal/interfaces/http/handlers/health_handler.go:113.63,114.24 1 0
github.com/turtacn/cbc/internal/interfaces/http/handlers/health_handler.go:114.24,116.3 1 0
github.com/turtacn/cbc/internal/interfaces/http/handlers/health_handler.go:117.2,118.19 2 0
github.com/turtacn/cbc/internal/interfaces/http/handlers/health_handler.go:118.19,120.3 1 0
github.com/turtacn/cbc/internal/interfaces/http/handlers/health_handler.go:123.2,123.31 1 0
github.com/turtacn/cbc/internal/interfaces/http/handlers/jwks_handler.go:25.87,27.2 1 0
github.com/turtacn/cbc/internal/interfaces/http/handlers/jwks_handler.go:34.47,36.20 2 0
github.com/turtacn/cbc/internal/interfaces/http/handlers/jwks_handler.go:36.20,39.3 2 0
github.com/turtacn/cbc/internal/interfaces/http/handlers/jwks_handler.go:42.2,43.16 2 0
github.com/turtacn/cbc/internal/interfaces/http/handlers/jwks_handler.go:43.16,44.34 1 0
github.com/turtacn/cbc/internal/interfaces/http/handlers/jwks_handler.go:44.34,47.4 2 0
github.com/turtacn/cbc/internal/interfaces/http/handlers/jwks_handler.go:48.3,51.9 3 0
github.com/turtacn/cbc/internal/interfaces/http/handlers/jwks_handler.go:55.2,56.35 2 0
github.com/turtacn/cbc/internal/interfaces/http/handlers/jwks_handler.go:56.35,58.3 1 0
github.com/turtacn/cbc/internal/interfaces/http/handlers/jwks_handler.go:60.2,60.44 1 0
github.com/turtacn/cbc/internal/interfaces/http/handlers/jwks_handler.go:67.70,80.2 3 0
github.com/turtacn/cbc/internal/interfaces/http/handlers/metrics_adapter.go:15.46,18.2 2 0
github.com/turtacn/cbc/internal/interfaces/http/handlers/metrics_adapter.go:24.63,26.2 1 0
github.com/turtacn/cbc/internal/interfaces/http/handlers/metrics_adapter.go:28.69,29.71 1 0
github.com/turtacn/cbc/internal/interfaces/http/handlers/metrics_adapter.go:29.71,30.17 1 0
github.com/turtacn/cbc/internal/interfaces/http/handlers/metrics_adapter.go:30.17,33.4 2 0
github.com/turtacn/cbc/internal/interfaces/http/handlers/metrics_adapter.go:35.3,41.16 4 0
github.com/turtacn/cbc/internal/interfaces/http/handlers/metrics_adapter.go:41.16,50.24 4 0
github.com/turtacn/cbc/internal/interfaces/http/handlers/metrics_adapter.go:50.24,52.5 1 0
github.com/turtacn/cbc/internal/interfaces/http/handlers/metrics_adapter.go:55.3,55.24 1 0
github.com/turtacn/cbc/internal/interfaces/http/handlers/middleware.go:37.39,38.30 1 0
github.com/turtacn/cbc/internal/interfaces/http/handlers/middleware.go:38.30,44.36 6 0
github.com/turtacn/cbc/internal/interfaces/http/handlers/middleware.go:44.36,47.4 2 0
github.com/turtacn/cbc/internal/interfaces/http/handlers/middleware.go:48.3,48.11 1 0
github.com/turtacn/cbc/internal/interfaces/http/handlers/middleware.go:56.59,57.30 1 0
github.com/turtacn/cbc/internal/interfaces/http/handlers/middleware.go:57.30,60.22 3 0
github.com/turtacn/cbc/internal/interfaces/http/handlers/middleware.go:60.22,62.4 1 0
github.com/turtacn/cbc/internal/interfaces/http/handlers/middleware.go:63.3,76.31 5 0
github.com/turtacn/cbc/internal/interfaces/http/handlers/middleware.go:76.31,78.4 1 0
github.com/turtacn/cbc/internal/interfaces/http/handlers/middleware.go:78.9,80.4 1 0
github.com/turtacn/cbc/internal/interfaces/http/handlers/middleware.go:88.60,89.30 1 0
github.com/turtacn/cbc/internal/interfaces/http/handlers/middleware.go:89.30,90.16 1 0
github.com/turtacn/cbc/internal/interfaces/http/handlers/middleware.go:90.16,91.36 1 0
github.com/turtacn/cbc/internal/interfaces/http/handlers/middleware.go:91.36,100.5 5 0
github.com/turtacn/cbc/internal/interfaces/http/handlers/middleware.go:102.3,102.11 1 0
github.com/turtacn/cbc/internal/interfaces/http/handlers/middleware.go:110.61,111.30 1 0
github.com/turtacn/cbc/internal/interfaces/http/handlers/middleware.go:111.30,117.31 6 0
github.com/turtacn/cbc/internal/interfaces/http/handlers/middleware.go:117.31,119.4 1 0
github.com/turtacn/cbc/internal/interfaces/http/handlers/middleware.go:127.104,128.30 1 0
github.com/turtacn/cbc/internal/interfaces/http/handlers/middleware.go:128.30,134.17 4 0
github.com/turtacn/cbc/internal/interfaces/http/handlers/middleware.go:134.17,138.4 3 0
github.com/turtacn/cbc/internal/interfaces/http/handlers/middleware.go:139.3,139.15 1 0
github.com/turtacn/cbc/internal/interfaces/http/handlers/middleware.go:139.15,144.4 4 0
github.com/turtacn/cbc/internal/interfaces/http/handlers/middleware.go:145.3,145.11 1 0
github.com/turtacn/cbc/internal/interfaces/http/handlers/middleware.go:153.90,154.30 1 0
github.com/turtacn/cbc/internal/interfaces/http/handlers/middleware.go:154.30,156.23 2 0
github.com/turtacn/cbc/internal/interfaces/http/handlers/middleware.go:156.23,159.4 2 0
github.com/turtacn/cbc/internal/interfaces/http/handlers/middleware.go:161.3,162.64 2 0
github.com/turtacn/cbc/internal/interfaces/http/handlers/middleware.go:162.64,165.4 2 0
github.com/turtacn/cbc/internal/interfaces/http/handlers/middleware.go:166.3,171.17 3 0
github.com/turtacn/cbc/internal/interfaces/http/handlers/middleware.go:171.17,175.4 3 0
github.com/turtacn/cbc/internal/interfaces/http/handlers/middleware.go:178.3,178.49 1 0
github.com/turtacn/cbc/internal/interfaces/http/handlers/middleware.go:178.49,180.4 1 0
github.com/turtacn/cbc/internal/interfaces/http/handlers/middleware.go:181.3,181.48 1 0
github.com/turtacn/cbc/internal/interfaces/http/handlers/middleware.go:181.48,183.4 1 0
github.com/turtacn/cbc/internal/interfaces/http/handlers/middleware.go:184.3,184.46 1 0
github.com/turtacn/cbc/internal/interfaces/http/handlers/middleware.go:184.46,186.4 1 0
github.com/turtacn/cbc/internal/interfaces/http/handlers/middleware.go:187.3,188.11 2 0
github.com/turtacn/cbc/internal/interfaces/http/handlers/middleware.go:194.64,196.45 2 0
github.com/turtacn/cbc/internal/interfaces/http/handlers/middleware.go:196.45,198.3 1 0
github.com/turtacn/cbc/internal/interfaces/http/handlers/middleware.go:199.2,200.11 2 0
github.com/turtacn/cbc/internal/interfaces/http/handlers/middleware.go:207.69,216.2 5 0
github.com/turtacn/cbc/internal/interfaces/http/handlers/ml_internal_handler.go:31.95,33.2 1 0
github.com/turtacn/cbc/internal/interfaces/http/handlers/ml_internal_handler.go:40.62,42.51 2 0
github.com/turtacn/cbc/internal/interfaces/http/handlers/ml_internal_handler.go:42.51,45.3 2 0
github.com/turtacn/cbc/internal/interfaces/http/handlers/ml_internal_handler.go:47.2,53.16 2 0
github.com/turtacn/cbc/internal/interfaces/http/handlers/ml_internal_handler.go:53.16,58.3 2 0
github.com/turtacn/cbc/internal/interfaces/http/handlers/ml_internal_handler.go:60.2,60.32 1 0
github.com/turtacn/cbc/internal/interfaces/http/handlers/oauth_handler.go:20.87,24.2 1 0
github.com/turtacn/cbc/internal/interfaces/http/handlers/oauth_handler.go:49.65,51.43 2 0
github.com/turtacn/cbc/internal/interfaces/http/handlers/oauth_handler.go:51.43,54.3 2 0
github.com/turtacn/cbc/internal/interfaces/http/handlers/oauth_handler.go:56.2,57.16 2 0
github.com/turtacn/cbc/internal/interfaces/http/handlers/oauth_handler.go:57.16,58.92 1 0
github.com/turtacn/cbc/internal/interfaces/http/handlers/oauth_handler.go:58.92,60.4 1 0
github.com/turtacn/cbc/internal/interfaces/http/handlers/oauth_handler.go:60.9,62.4 1 0
github.com/turtacn/cbc/internal/interfaces/http/handlers/oauth_handler.go:63.3,63.9 1 0
github.com/turtacn/cbc/internal/interfaces/http/handlers/oauth_handler.go:66.2,72.4 1 0
github.com/turtacn/cbc/internal/interfaces/http/handlers/oauth_handler.go:90.55,92.47 2 0
github.com/turtacn/cbc/internal/interfaces/http/handlers/oauth_handler.go:92.47,95.3 2 0
github.com/turtacn/cbc/internal/interfaces/http/handlers/oauth_handler.go:98.2,98.29 1 0
github.com/turtacn/cbc/internal/interfaces/http/handlers/oauth_handler.go:98.29,99.46 1 0
github.com/turtacn/cbc/internal/interfaces/http/handlers/oauth_handler.go:99.46,102.4 2 0
github.com/turtacn/cbc/internal/interfaces/http/handlers/oauth_handler.go:105.2,106.16 2 0
github.com/turtacn/cbc/internal/interfaces/http/handlers/oauth_handler.go:106.16,107.92 1 0
github.com/turtacn/cbc/internal/interfaces/http/handlers/oauth_handler.go:107.92,109.4 1 0
github.com/turtacn/cbc/internal/interfaces/http/handlers/oauth_handler.go:109.9,111.4 1 0
github.com/turtacn/cbc/internal/interfaces/http/handlers/oauth_handler.go:112.3,112.9 1 0
github.com/turtacn/cbc/internal/interfaces/http/handlers/oauth_handler.go:115.2,115.32 1 0
github.com/turtacn/cbc/sdk/go/cbc_verifier/verifier.go:34.56,40.2 1 1
github.com/turtacn/cbc/sdk/go/cbc_verifier/verifier.go:43.63,45.16 2 2
github.com/turtacn/cbc/sdk/go/cbc_verifier/verifier.go:45.16,47.3 1 0
github.com/turtacn/cbc/sdk/go/cbc_verifier/verifier.go:49.2,50.22 2 2
github.com/turtacn/cbc/sdk/go/cbc_verifier/verifier.go:50.22,52.3 1 1
github.com/turtacn/cbc/sdk/go/cbc_verifier/verifier.go:53.2,56.16 3 2
github.com/turtacn/cbc/sdk/go/cbc_verifier/verifier.go:56.16,58.3 1 0
github.com/turtacn/cbc/sdk/go/cbc_verifier/verifier.go:59.2,61.47 2 2
github.com/turtacn/cbc/sdk/go/cbc_verifier/verifier.go:61.47,63.3 1 0
github.com/turtacn/cbc/sdk/go/cbc_verifier/verifier.go:65.2,65.38 1 2
github.com/turtacn/cbc/sdk/go/cbc_verifier/verifier.go:65.38,67.3 1 0
github.com/turtacn/cbc/sdk/go/cbc_verifier/verifier.go:69.2,70.65 2 2
github.com/turtacn/cbc/sdk/go/cbc_verifier/verifier.go:70.65,72.3 1 0
github.com/turtacn/cbc/sdk/go/cbc_verifier/verifier.go:74.2,74.25 1 2
github.com/turtacn/cbc/sdk/go/cbc_verifier/verifier.go:74.25,76.3 1 0
github.com/turtacn/cbc/sdk/go/cbc_verifier/verifier.go:78.2,79.32 2 2
github.com/turtacn/cbc/sdk/go/cbc_verifier/verifier.go:79.32,80.120 1 3
github.com/turtacn/cbc/sdk/go/cbc_verifier/verifier.go:80.120,81.12 1 0
github.com/turtacn/cbc/sdk/go/cbc_verifier/verifier.go:83.3,83.49 1 3
github.com/turtacn/cbc/sdk/go/cbc_verifier/verifier.go:83.49,85.4 1 3
github.com/turtacn/cbc/sdk/go/cbc_verifier/verifier.go:88.2,93.12 5 2
github.com/turtacn/cbc/sdk/go/cbc_verifier/verifier.go:97.94,100.16 2 3
github.com/turtacn/cbc/sdk/go/cbc_verifier/verifier.go:100.16,102.3 1 0
github.com/turtacn/cbc/sdk/go/cbc_verifier/verifier.go:104.2,105.9 2 3
github.com/turtacn/cbc/sdk/go/cbc_verifier/verifier.go:105.9,107.3 1 0
github.com/turtacn/cbc/sdk/go/cbc_verifier/verifier.go:110.2,114.11 4 3
github.com/turtacn/cbc/sdk/go/cbc_verifier/verifier.go:114.11,116.84 1 1
github.com/turtacn/cbc/sdk/go/cbc_verifier/verifier.go:116.84,118.4 1 1
github.com/turtacn/cbc/sdk/go/cbc_verifier/verifier.go:119.3,119.32 1 1
github.com/turtacn/cbc/sdk/go/cbc_verifier/verifier.go:119.32,121.4 1 1
github.com/turtacn/cbc/sdk/go/cbc_verifier/verifier.go:125.2,125.41 1 2
github.com/turtacn/cbc/sdk/go/cbc_verifier/verifier.go:125.41,127.3 1 0
github.com/turtacn/cbc/sdk/go/cbc_verifier/verifier.go:129.2,133.12 4 2
github.com/turtacn/cbc/sdk/go/cbc_verifier/verifier.go:133.12,135.3 1 0
github.com/turtacn/cbc/sdk/go/cbc_verifier/verifier.go:137.2,137.76 1 2
github.com/turtacn/cbc/sdk/go/cbc_verifier/verifier.go:137.76,139.3 1 2
